2023-08-25 22:12:42.463 [info] Experiment 'pythonaacf' is active
2023-08-25 22:12:42.463 [info] Experiment 'pythonPromptNewFormatterExt' is active
2023-08-25 22:12:42.463 [info] Experiment 'pythonPromptNewToolsExt' is active
2023-08-25 22:12:42.463 [info] Experiment 'pythonSurveyNotification' is active
2023-08-25 22:12:42.463 [info] Experiment 'pythonTestAdaptercf' is active
2023-08-25 22:12:42.545 [info] Test server listening.
2023-08-25 22:12:42.555 [info] > conda info --json
2023-08-25 22:12:42.846 [info] Found: /bin/python --> /bin/python3.11
2023-08-25 22:12:42.848 [info] Found: /bin/python3 --> /bin/python3.11
2023-08-25 22:12:42.848 [warning] Retry failed, storage update failed for key PYTHON_GLOBAL_STORAGE_KEYS
2023-08-25 22:12:42.848 [warning] Retry failed, storage update failed for key PYTHON_GLOBAL_STORAGE_KEYS
2023-08-25 22:12:42.848 [warning] Retry failed, storage update failed for key PYTHON_GLOBAL_STORAGE_KEYS
2023-08-25 22:12:42.848 [warning] Retry failed, storage update failed for key PYTHON_GLOBAL_STORAGE_KEYS
2023-08-25 22:12:42.848 [warning] Retry failed, storage update failed for key PYTHON_GLOBAL_STORAGE_KEYS
2023-08-25 22:12:42.848 [warning] Retry failed, storage update failed for key PYTHON_GLOBAL_STORAGE_KEYS
2023-08-25 22:12:42.849 [info] Found: /bin/python3.11 --> /bin/python3.11
2023-08-25 22:12:42.849 [warning] Retry failed, storage update failed for key PYTHON_WORKSPACE_STORAGE_KEYS
2023-08-25 22:12:42.849 [warning] Retry failed, storage update failed for key PYTHON_WORKSPACE_STORAGE_KEYS
2023-08-25 22:12:42.849 [warning] Retry failed, storage update failed for key PYTHON_WORKSPACE_STORAGE_KEYS
2023-08-25 22:12:42.885 [info] Found: /sbin/python --> /sbin/python3.11
2023-08-25 22:12:42.886 [info] Found: /sbin/python3 --> /sbin/python3.11
2023-08-25 22:12:42.886 [info] Found: /sbin/python3.11 --> /sbin/python3.11
2023-08-25 22:12:42.901 [info] Found: /usr/bin/python --> /usr/bin/python3.11
2023-08-25 22:12:42.902 [info] Found: /usr/bin/python3 --> /usr/bin/python3.11
2023-08-25 22:12:42.902 [info] Found: /usr/bin/python3.11 --> /usr/bin/python3.11
2023-08-25 22:12:42.920 [info] Found: /usr/sbin/python --> /usr/sbin/python3.11
2023-08-25 22:12:42.920 [info] Found: /usr/sbin/python3 --> /usr/sbin/python3.11
2023-08-25 22:12:42.920 [info] Found: /usr/sbin/python3.11 --> /usr/sbin/python3.11
2023-08-25 22:12:42.937 [info] > /bin/python -I ~/.vscode/extensions/ms-python.python-2023.14.0/pythonFiles/get_output_via_markers.py ~/.vscode/extensions/ms-python.python-2023.14.0/pythonFiles/interpreterInfo.py
2023-08-25 22:12:42.951 [info] > /sbin/python -I ~/.vscode/extensions/ms-python.python-2023.14.0/pythonFiles/get_output_via_markers.py ~/.vscode/extensions/ms-python.python-2023.14.0/pythonFiles/interpreterInfo.py
2023-08-25 22:12:42.973 [info] > /usr/bin/python -I ~/.vscode/extensions/ms-python.python-2023.14.0/pythonFiles/get_output_via_markers.py ~/.vscode/extensions/ms-python.python-2023.14.0/pythonFiles/interpreterInfo.py
2023-08-25 22:12:43.004 [info] > /usr/sbin/python -I ~/.vscode/extensions/ms-python.python-2023.14.0/pythonFiles/get_output_via_markers.py ~/.vscode/extensions/ms-python.python-2023.14.0/pythonFiles/interpreterInfo.py
2023-08-25 22:12:43.090 [info] Python interpreter path: /bin/python
2023-08-25 22:12:43.093 [warning] Retry failed, storage update failed for key PYTHON_GLOBAL_STORAGE_KEYS
2023-08-25 22:12:44.772 [info] Starting Pylance language server.
2023-08-25 22:13:02.203 [info] Discover tests for workspace name: qtile - uri: /home/qaezz/.config/qtile/config.py
2023-08-25 22:13:06.108 [info] Discover tests for workspace name: qtile - uri: /home/qaezz/.config/qtile/config.py
2023-08-25 22:13:39.182 [info] Discover tests for workspace name: qtile - uri: /home/qaezz/.config/qtile/config.py
2023-08-25 22:14:48.964 [info] Discover tests for workspace name: qtile - uri: /home/qaezz/.config/qtile/config.py
