2023-08-26T01:11:20.077Z [Modules] Modules initializing
2023-08-26T01:11:20.077Z [Modules] Distribution: remote
2023-08-26T01:11:20.077Z [Modules] Host updates: enabled
2023-08-26T01:11:20.077Z [Modules] Module updates: enabled
2023-08-26T01:11:20.078Z [Modules] Module install path: /home/qaezz/.config/discord/0.0.28/modules
2023-08-26T01:11:20.078Z [Modules] Module installed file path: /home/qaezz/.config/discord/0.0.28/modules/installed.json
2023-08-26T01:11:20.078Z [Modules] Module download path: /home/qaezz/.config/discord/0.0.28/modules/pending
2023-08-26T01:11:20.224Z [Modules] Bootstrapping...
2023-08-26T01:11:20.224Z [Modules] Installing discord_desktop_core@0 from /opt/discord/resources/bootstrap/discord_desktop_core.zip
2023-08-26T01:11:20.225Z [Modules] Failed installing discord_desktop_core@0: Error: ENOENT: no such file or directory, open '/opt/discord/resources/bootstrap/discord_desktop_core.zip'
2023-08-26T01:11:20.226Z [Modules] Installing discord_erlpack@0 from /opt/discord/resources/bootstrap/discord_erlpack.zip
2023-08-26T01:11:20.226Z [Modules] Failed installing discord_erlpack@0: Error: ENOENT: no such file or directory, open '/opt/discord/resources/bootstrap/discord_erlpack.zip'
2023-08-26T01:11:20.227Z [Modules] Installing discord_spellcheck@0 from /opt/discord/resources/bootstrap/discord_spellcheck.zip
2023-08-26T01:11:20.227Z [Modules] Failed installing discord_spellcheck@0: Error: ENOENT: no such file or directory, open '/opt/discord/resources/bootstrap/discord_spellcheck.zip'
2023-08-26T01:11:20.228Z [Modules] Installing discord_utils@0 from /opt/discord/resources/bootstrap/discord_utils.zip
2023-08-26T01:11:20.228Z [Modules] Failed installing discord_utils@0: Error: ENOENT: no such file or directory, open '/opt/discord/resources/bootstrap/discord_utils.zip'
2023-08-26T01:11:20.229Z [Modules] Installing discord_voice@0 from /opt/discord/resources/bootstrap/discord_voice.zip
2023-08-26T01:11:20.229Z [Modules] Failed installing discord_voice@0: Error: ENOENT: no such file or directory, open '/opt/discord/resources/bootstrap/discord_voice.zip'
2023-08-26T01:11:20.229Z [Modules] Finished module installations. [success: 0] [failure: 5]
2023-08-26T01:11:20.230Z [Modules] Checking for host updates.
2023-08-26T01:11:20.419Z [Modules] Host is up to date.
2023-08-26T01:11:20.420Z [Modules] Checking for module updates at https://discord.com/api/modules/stable/versions.json
2023-08-26T01:11:20.501Z [Modules] Module update available: discord_desktop_core@1 [installed: 0]
2023-08-26T01:11:20.501Z [Modules] Module update available: discord_erlpack@1 [installed: 0]
2023-08-26T01:11:20.501Z [Modules] Module update available: discord_spellcheck@1 [installed: 0]
2023-08-26T01:11:20.501Z [Modules] Module update available: discord_utils@2 [installed: 0]
2023-08-26T01:11:20.501Z [Modules] Module update available: discord_voice@3 [installed: 0]
2023-08-26T01:11:20.502Z [Modules] Fetching discord_desktop_core@1 from https://discord.com/api/modules/stable/discord_desktop_core/1
2023-08-26T01:11:20.502Z [Modules] Streaming discord_desktop_core@1 to /home/qaezz/.config/discord/0.0.28/modules/pending/discord_desktop_core-1.zip
2023-08-26T01:11:20.705Z [Modules] Streaming discord_desktop_core@1 to /home/qaezz/.config/discord/0.0.28/modules/pending/discord_desktop_core-1.zip: 2%
2023-08-26T01:11:20.717Z [Modules] Streaming discord_desktop_core@1 to /home/qaezz/.config/discord/0.0.28/modules/pending/discord_desktop_core-1.zip: 3%
2023-08-26T01:11:20.720Z [Modules] Streaming discord_desktop_core@1 to /home/qaezz/.config/discord/0.0.28/modules/pending/discord_desktop_core-1.zip: 5%
2023-08-26T01:11:20.747Z [Modules] Streaming discord_desktop_core@1 to /home/qaezz/.config/discord/0.0.28/modules/pending/discord_desktop_core-1.zip: 8%
2023-08-26T01:11:20.748Z [Modules] Streaming discord_desktop_core@1 to /home/qaezz/.config/discord/0.0.28/modules/pending/discord_desktop_core-1.zip: 13%
2023-08-26T01:11:20.768Z [Modules] Streaming discord_desktop_core@1 to /home/qaezz/.config/discord/0.0.28/modules/pending/discord_desktop_core-1.zip: 16%
2023-08-26T01:11:20.770Z [Modules] Streaming discord_desktop_core@1 to /home/qaezz/.config/discord/0.0.28/modules/pending/discord_desktop_core-1.zip: 19%
2023-08-26T01:11:20.771Z [Modules] Streaming discord_desktop_core@1 to /home/qaezz/.config/discord/0.0.28/modules/pending/discord_desktop_core-1.zip: 20%
2023-08-26T01:11:20.774Z [Modules] Streaming discord_desktop_core@1 to /home/qaezz/.config/discord/0.0.28/modules/pending/discord_desktop_core-1.zip: 22%
2023-08-26T01:11:20.775Z [Modules] Streaming discord_desktop_core@1 to /home/qaezz/.config/discord/0.0.28/modules/pending/discord_desktop_core-1.zip: 25%
2023-08-26T01:11:20.777Z [Modules] Streaming discord_desktop_core@1 to /home/qaezz/.config/discord/0.0.28/modules/pending/discord_desktop_core-1.zip: 26%
2023-08-26T01:11:20.778Z [Modules] Streaming discord_desktop_core@1 to /home/qaezz/.config/discord/0.0.28/modules/pending/discord_desktop_core-1.zip: 29%
2023-08-26T01:11:20.780Z [Modules] Streaming discord_desktop_core@1 to /home/qaezz/.config/discord/0.0.28/modules/pending/discord_desktop_core-1.zip: 31%
2023-08-26T01:11:20.785Z [Modules] Streaming discord_desktop_core@1 to /home/qaezz/.config/discord/0.0.28/modules/pending/discord_desktop_core-1.zip: 34%
2023-08-26T01:11:20.789Z [Modules] Streaming discord_desktop_core@1 to /home/qaezz/.config/discord/0.0.28/modules/pending/discord_desktop_core-1.zip: 36%
2023-08-26T01:11:20.791Z [Modules] Streaming discord_desktop_core@1 to /home/qaezz/.config/discord/0.0.28/modules/pending/discord_desktop_core-1.zip: 37%
2023-08-26T01:11:20.792Z [Modules] Streaming discord_desktop_core@1 to /home/qaezz/.config/discord/0.0.28/modules/pending/discord_desktop_core-1.zip: 40%
2023-08-26T01:11:20.793Z [Modules] Streaming discord_desktop_core@1 to /home/qaezz/.config/discord/0.0.28/modules/pending/discord_desktop_core-1.zip: 41%
2023-08-26T01:11:20.795Z [Modules] Streaming discord_desktop_core@1 to /home/qaezz/.config/discord/0.0.28/modules/pending/discord_desktop_core-1.zip: 42%
2023-08-26T01:11:20.796Z [Modules] Streaming discord_desktop_core@1 to /home/qaezz/.config/discord/0.0.28/modules/pending/discord_desktop_core-1.zip: 45%
2023-08-26T01:11:20.796Z [Modules] Streaming discord_desktop_core@1 to /home/qaezz/.config/discord/0.0.28/modules/pending/discord_desktop_core-1.zip: 46%
2023-08-26T01:11:20.799Z [Modules] Streaming discord_desktop_core@1 to /home/qaezz/.config/discord/0.0.28/modules/pending/discord_desktop_core-1.zip: 49%
2023-08-26T01:11:20.800Z [Modules] Streaming discord_desktop_core@1 to /home/qaezz/.config/discord/0.0.28/modules/pending/discord_desktop_core-1.zip: 51%
2023-08-26T01:11:20.801Z [Modules] Streaming discord_desktop_core@1 to /home/qaezz/.config/discord/0.0.28/modules/pending/discord_desktop_core-1.zip: 54%
2023-08-26T01:11:20.801Z [Modules] Streaming discord_desktop_core@1 to /home/qaezz/.config/discord/0.0.28/modules/pending/discord_desktop_core-1.zip: 55%
2023-08-26T01:11:20.802Z [Modules] Streaming discord_desktop_core@1 to /home/qaezz/.config/discord/0.0.28/modules/pending/discord_desktop_core-1.zip: 58%
2023-08-26T01:11:20.803Z [Modules] Streaming discord_desktop_core@1 to /home/qaezz/.config/discord/0.0.28/modules/pending/discord_desktop_core-1.zip: 59%
2023-08-26T01:11:20.805Z [Modules] Streaming discord_desktop_core@1 to /home/qaezz/.config/discord/0.0.28/modules/pending/discord_desktop_core-1.zip: 62%
2023-08-26T01:11:20.812Z [Modules] Streaming discord_desktop_core@1 to /home/qaezz/.config/discord/0.0.28/modules/pending/discord_desktop_core-1.zip: 66%
2023-08-26T01:11:20.813Z [Modules] Streaming discord_desktop_core@1 to /home/qaezz/.config/discord/0.0.28/modules/pending/discord_desktop_core-1.zip: 69%
2023-08-26T01:11:20.814Z [Modules] Streaming discord_desktop_core@1 to /home/qaezz/.config/discord/0.0.28/modules/pending/discord_desktop_core-1.zip: 70%
2023-08-26T01:11:20.815Z [Modules] Streaming discord_desktop_core@1 to /home/qaezz/.config/discord/0.0.28/modules/pending/discord_desktop_core-1.zip: 73%
2023-08-26T01:11:20.815Z [Modules] Streaming discord_desktop_core@1 to /home/qaezz/.config/discord/0.0.28/modules/pending/discord_desktop_core-1.zip: 74%
2023-08-26T01:11:20.817Z [Modules] Streaming discord_desktop_core@1 to /home/qaezz/.config/discord/0.0.28/modules/pending/discord_desktop_core-1.zip: 76%
2023-08-26T01:11:20.833Z [Modules] Streaming discord_desktop_core@1 to /home/qaezz/.config/discord/0.0.28/modules/pending/discord_desktop_core-1.zip: 80%
2023-08-26T01:11:20.836Z [Modules] Streaming discord_desktop_core@1 to /home/qaezz/.config/discord/0.0.28/modules/pending/discord_desktop_core-1.zip: 83%
2023-08-26T01:11:20.836Z [Modules] Streaming discord_desktop_core@1 to /home/qaezz/.config/discord/0.0.28/modules/pending/discord_desktop_core-1.zip: 87%
2023-08-26T01:11:20.837Z [Modules] Streaming discord_desktop_core@1 to /home/qaezz/.config/discord/0.0.28/modules/pending/discord_desktop_core-1.zip: 90%
2023-08-26T01:11:20.839Z [Modules] Streaming discord_desktop_core@1 to /home/qaezz/.config/discord/0.0.28/modules/pending/discord_desktop_core-1.zip: 94%
2023-08-26T01:11:20.840Z [Modules] Streaming discord_desktop_core@1 to /home/qaezz/.config/discord/0.0.28/modules/pending/discord_desktop_core-1.zip: 97%
2023-08-26T01:11:20.841Z [Modules] Streaming discord_desktop_core@1 to /home/qaezz/.config/discord/0.0.28/modules/pending/discord_desktop_core-1.zip: 99%
2023-08-26T01:11:20.842Z [Modules] Streaming discord_desktop_core@1 to /home/qaezz/.config/discord/0.0.28/modules/pending/discord_desktop_core-1.zip: 100%
2023-08-26T01:11:20.844Z [Modules] Fetching discord_erlpack@1 from https://discord.com/api/modules/stable/discord_erlpack/1
2023-08-26T01:11:20.844Z [Modules] Streaming discord_erlpack@1 to /home/qaezz/.config/discord/0.0.28/modules/pending/discord_erlpack-1.zip
2023-08-26T01:11:20.950Z [Modules] Streaming discord_erlpack@1 to /home/qaezz/.config/discord/0.0.28/modules/pending/discord_erlpack-1.zip: 3%
2023-08-26T01:11:20.950Z [Modules] Streaming discord_erlpack@1 to /home/qaezz/.config/discord/0.0.28/modules/pending/discord_erlpack-1.zip: 5%
2023-08-26T01:11:20.952Z [Modules] Streaming discord_erlpack@1 to /home/qaezz/.config/discord/0.0.28/modules/pending/discord_erlpack-1.zip: 9%
2023-08-26T01:11:20.952Z [Modules] Streaming discord_erlpack@1 to /home/qaezz/.config/discord/0.0.28/modules/pending/discord_erlpack-1.zip: 10%
2023-08-26T01:11:20.954Z [Modules] Streaming discord_erlpack@1 to /home/qaezz/.config/discord/0.0.28/modules/pending/discord_erlpack-1.zip: 14%
2023-08-26T01:11:20.954Z [Modules] Streaming discord_erlpack@1 to /home/qaezz/.config/discord/0.0.28/modules/pending/discord_erlpack-1.zip: 16%
2023-08-26T01:11:20.955Z [Modules] Streaming discord_erlpack@1 to /home/qaezz/.config/discord/0.0.28/modules/pending/discord_erlpack-1.zip: 20%
2023-08-26T01:11:20.956Z [Modules] Streaming discord_erlpack@1 to /home/qaezz/.config/discord/0.0.28/modules/pending/discord_erlpack-1.zip: 21%
2023-08-26T01:11:20.957Z [Modules] Streaming discord_erlpack@1 to /home/qaezz/.config/discord/0.0.28/modules/pending/discord_erlpack-1.zip: 25%
2023-08-26T01:11:20.958Z [Modules] Streaming discord_erlpack@1 to /home/qaezz/.config/discord/0.0.28/modules/pending/discord_erlpack-1.zip: 26%
2023-08-26T01:11:20.958Z [Modules] Streaming discord_erlpack@1 to /home/qaezz/.config/discord/0.0.28/modules/pending/discord_erlpack-1.zip: 30%
2023-08-26T01:11:20.959Z [Modules] Streaming discord_erlpack@1 to /home/qaezz/.config/discord/0.0.28/modules/pending/discord_erlpack-1.zip: 31%
2023-08-26T01:11:20.960Z [Modules] Streaming discord_erlpack@1 to /home/qaezz/.config/discord/0.0.28/modules/pending/discord_erlpack-1.zip: 35%
2023-08-26T01:11:20.961Z [Modules] Streaming discord_erlpack@1 to /home/qaezz/.config/discord/0.0.28/modules/pending/discord_erlpack-1.zip: 36%
2023-08-26T01:11:20.962Z [Modules] Streaming discord_erlpack@1 to /home/qaezz/.config/discord/0.0.28/modules/pending/discord_erlpack-1.zip: 40%
2023-08-26T01:11:20.963Z [Modules] Streaming discord_erlpack@1 to /home/qaezz/.config/discord/0.0.28/modules/pending/discord_erlpack-1.zip: 42%
2023-08-26T01:11:20.964Z [Modules] Streaming discord_erlpack@1 to /home/qaezz/.config/discord/0.0.28/modules/pending/discord_erlpack-1.zip: 45%
2023-08-26T01:11:20.964Z [Modules] Streaming discord_erlpack@1 to /home/qaezz/.config/discord/0.0.28/modules/pending/discord_erlpack-1.zip: 46%
2023-08-26T01:11:20.966Z [Modules] Streaming discord_erlpack@1 to /home/qaezz/.config/discord/0.0.28/modules/pending/discord_erlpack-1.zip: 50%
2023-08-26T01:11:20.966Z [Modules] Streaming discord_erlpack@1 to /home/qaezz/.config/discord/0.0.28/modules/pending/discord_erlpack-1.zip: 51%
2023-08-26T01:11:20.967Z [Modules] Streaming discord_erlpack@1 to /home/qaezz/.config/discord/0.0.28/modules/pending/discord_erlpack-1.zip: 55%
2023-08-26T01:11:20.968Z [Modules] Streaming discord_erlpack@1 to /home/qaezz/.config/discord/0.0.28/modules/pending/discord_erlpack-1.zip: 56%
2023-08-26T01:11:20.969Z [Modules] Streaming discord_erlpack@1 to /home/qaezz/.config/discord/0.0.28/modules/pending/discord_erlpack-1.zip: 60%
2023-08-26T01:11:20.969Z [Modules] Streaming discord_erlpack@1 to /home/qaezz/.config/discord/0.0.28/modules/pending/discord_erlpack-1.zip: 61%
2023-08-26T01:11:20.971Z [Modules] Streaming discord_erlpack@1 to /home/qaezz/.config/discord/0.0.28/modules/pending/discord_erlpack-1.zip: 65%
2023-08-26T01:11:20.971Z [Modules] Streaming discord_erlpack@1 to /home/qaezz/.config/discord/0.0.28/modules/pending/discord_erlpack-1.zip: 66%
2023-08-26T01:11:20.972Z [Modules] Streaming discord_erlpack@1 to /home/qaezz/.config/discord/0.0.28/modules/pending/discord_erlpack-1.zip: 70%
2023-08-26T01:11:20.973Z [Modules] Streaming discord_erlpack@1 to /home/qaezz/.config/discord/0.0.28/modules/pending/discord_erlpack-1.zip: 72%
2023-08-26T01:11:20.974Z [Modules] Streaming discord_erlpack@1 to /home/qaezz/.config/discord/0.0.28/modules/pending/discord_erlpack-1.zip: 76%
2023-08-26T01:11:20.974Z [Modules] Streaming discord_erlpack@1 to /home/qaezz/.config/discord/0.0.28/modules/pending/discord_erlpack-1.zip: 77%
2023-08-26T01:11:20.977Z [Modules] Streaming discord_erlpack@1 to /home/qaezz/.config/discord/0.0.28/modules/pending/discord_erlpack-1.zip: 81%
2023-08-26T01:11:20.977Z [Modules] Streaming discord_erlpack@1 to /home/qaezz/.config/discord/0.0.28/modules/pending/discord_erlpack-1.zip: 82%
2023-08-26T01:11:20.978Z [Modules] Streaming discord_erlpack@1 to /home/qaezz/.config/discord/0.0.28/modules/pending/discord_erlpack-1.zip: 86%
2023-08-26T01:11:20.979Z [Modules] Streaming discord_erlpack@1 to /home/qaezz/.config/discord/0.0.28/modules/pending/discord_erlpack-1.zip: 87%
2023-08-26T01:11:20.981Z [Modules] Streaming discord_erlpack@1 to /home/qaezz/.config/discord/0.0.28/modules/pending/discord_erlpack-1.zip: 90%
2023-08-26T01:11:20.990Z [Modules] Streaming discord_erlpack@1 to /home/qaezz/.config/discord/0.0.28/modules/pending/discord_erlpack-1.zip: 92%
2023-08-26T01:11:20.991Z [Modules] Streaming discord_erlpack@1 to /home/qaezz/.config/discord/0.0.28/modules/pending/discord_erlpack-1.zip: 94%
2023-08-26T01:11:20.994Z [Modules] Streaming discord_erlpack@1 to /home/qaezz/.config/discord/0.0.28/modules/pending/discord_erlpack-1.zip: 97%
2023-08-26T01:11:20.995Z [Modules] Streaming discord_erlpack@1 to /home/qaezz/.config/discord/0.0.28/modules/pending/discord_erlpack-1.zip: 100%
2023-08-26T01:11:20.997Z [Modules] Fetching discord_spellcheck@1 from https://discord.com/api/modules/stable/discord_spellcheck/1
2023-08-26T01:11:20.997Z [Modules] Streaming discord_spellcheck@1 to /home/qaezz/.config/discord/0.0.28/modules/pending/discord_spellcheck-1.zip
2023-08-26T01:11:21.109Z [Modules] Streaming discord_spellcheck@1 to /home/qaezz/.config/discord/0.0.28/modules/pending/discord_spellcheck-1.zip: 1%
2023-08-26T01:11:21.111Z [Modules] Streaming discord_spellcheck@1 to /home/qaezz/.config/discord/0.0.28/modules/pending/discord_spellcheck-1.zip: 2%
2023-08-26T01:11:21.113Z [Modules] Streaming discord_spellcheck@1 to /home/qaezz/.config/discord/0.0.28/modules/pending/discord_spellcheck-1.zip: 3%
2023-08-26T01:11:21.117Z [Modules] Streaming discord_spellcheck@1 to /home/qaezz/.config/discord/0.0.28/modules/pending/discord_spellcheck-1.zip: 4%
2023-08-26T01:11:21.118Z [Modules] Streaming discord_spellcheck@1 to /home/qaezz/.config/discord/0.0.28/modules/pending/discord_spellcheck-1.zip: 5%
2023-08-26T01:11:21.120Z [Modules] Streaming discord_spellcheck@1 to /home/qaezz/.config/discord/0.0.28/modules/pending/discord_spellcheck-1.zip: 6%
2023-08-26T01:11:21.125Z [Modules] Streaming discord_spellcheck@1 to /home/qaezz/.config/discord/0.0.28/modules/pending/discord_spellcheck-1.zip: 7%
2023-08-26T01:11:21.126Z [Modules] Streaming discord_spellcheck@1 to /home/qaezz/.config/discord/0.0.28/modules/pending/discord_spellcheck-1.zip: 8%
2023-08-26T01:11:21.128Z [Modules] Streaming discord_spellcheck@1 to /home/qaezz/.config/discord/0.0.28/modules/pending/discord_spellcheck-1.zip: 9%
2023-08-26T01:11:21.131Z [Modules] Streaming discord_spellcheck@1 to /home/qaezz/.config/discord/0.0.28/modules/pending/discord_spellcheck-1.zip: 10%
2023-08-26T01:11:21.133Z [Modules] Streaming discord_spellcheck@1 to /home/qaezz/.config/discord/0.0.28/modules/pending/discord_spellcheck-1.zip: 11%
2023-08-26T01:11:21.135Z [Modules] Streaming discord_spellcheck@1 to /home/qaezz/.config/discord/0.0.28/modules/pending/discord_spellcheck-1.zip: 12%
2023-08-26T01:11:21.138Z [Modules] Streaming discord_spellcheck@1 to /home/qaezz/.config/discord/0.0.28/modules/pending/discord_spellcheck-1.zip: 13%
2023-08-26T01:11:21.142Z [Modules] Streaming discord_spellcheck@1 to /home/qaezz/.config/discord/0.0.28/modules/pending/discord_spellcheck-1.zip: 14%
2023-08-26T01:11:21.144Z [Modules] Streaming discord_spellcheck@1 to /home/qaezz/.config/discord/0.0.28/modules/pending/discord_spellcheck-1.zip: 15%
2023-08-26T01:11:21.147Z [Modules] Streaming discord_spellcheck@1 to /home/qaezz/.config/discord/0.0.28/modules/pending/discord_spellcheck-1.zip: 16%
2023-08-26T01:11:21.149Z [Modules] Streaming discord_spellcheck@1 to /home/qaezz/.config/discord/0.0.28/modules/pending/discord_spellcheck-1.zip: 17%
2023-08-26T01:11:21.151Z [Modules] Streaming discord_spellcheck@1 to /home/qaezz/.config/discord/0.0.28/modules/pending/discord_spellcheck-1.zip: 18%
2023-08-26T01:11:21.161Z [Modules] Streaming discord_spellcheck@1 to /home/qaezz/.config/discord/0.0.28/modules/pending/discord_spellcheck-1.zip: 19%
2023-08-26T01:11:21.163Z [Modules] Streaming discord_spellcheck@1 to /home/qaezz/.config/discord/0.0.28/modules/pending/discord_spellcheck-1.zip: 20%
2023-08-26T01:11:21.165Z [Modules] Streaming discord_spellcheck@1 to /home/qaezz/.config/discord/0.0.28/modules/pending/discord_spellcheck-1.zip: 21%
2023-08-26T01:11:21.168Z [Modules] Streaming discord_spellcheck@1 to /home/qaezz/.config/discord/0.0.28/modules/pending/discord_spellcheck-1.zip: 22%
2023-08-26T01:11:21.171Z [Modules] Streaming discord_spellcheck@1 to /home/qaezz/.config/discord/0.0.28/modules/pending/discord_spellcheck-1.zip: 23%
2023-08-26T01:11:21.173Z [Modules] Streaming discord_spellcheck@1 to /home/qaezz/.config/discord/0.0.28/modules/pending/discord_spellcheck-1.zip: 24%
2023-08-26T01:11:21.174Z [Modules] Streaming discord_spellcheck@1 to /home/qaezz/.config/discord/0.0.28/modules/pending/discord_spellcheck-1.zip: 25%
2023-08-26T01:11:21.178Z [Modules] Streaming discord_spellcheck@1 to /home/qaezz/.config/discord/0.0.28/modules/pending/discord_spellcheck-1.zip: 26%
2023-08-26T01:11:21.179Z [Modules] Streaming discord_spellcheck@1 to /home/qaezz/.config/discord/0.0.28/modules/pending/discord_spellcheck-1.zip: 27%
2023-08-26T01:11:21.183Z [Modules] Streaming discord_spellcheck@1 to /home/qaezz/.config/discord/0.0.28/modules/pending/discord_spellcheck-1.zip: 28%
2023-08-26T01:11:21.185Z [Modules] Streaming discord_spellcheck@1 to /home/qaezz/.config/discord/0.0.28/modules/pending/discord_spellcheck-1.zip: 29%
2023-08-26T01:11:21.188Z [Modules] Streaming discord_spellcheck@1 to /home/qaezz/.config/discord/0.0.28/modules/pending/discord_spellcheck-1.zip: 30%
2023-08-26T01:11:21.190Z [Modules] Streaming discord_spellcheck@1 to /home/qaezz/.config/discord/0.0.28/modules/pending/discord_spellcheck-1.zip: 31%
2023-08-26T01:11:21.193Z [Modules] Streaming discord_spellcheck@1 to /home/qaezz/.config/discord/0.0.28/modules/pending/discord_spellcheck-1.zip: 32%
2023-08-26T01:11:21.194Z [Modules] Streaming discord_spellcheck@1 to /home/qaezz/.config/discord/0.0.28/modules/pending/discord_spellcheck-1.zip: 33%
2023-08-26T01:11:21.198Z [Modules] Streaming discord_spellcheck@1 to /home/qaezz/.config/discord/0.0.28/modules/pending/discord_spellcheck-1.zip: 34%
2023-08-26T01:11:21.200Z [Modules] Streaming discord_spellcheck@1 to /home/qaezz/.config/discord/0.0.28/modules/pending/discord_spellcheck-1.zip: 35%
2023-08-26T01:11:21.203Z [Modules] Streaming discord_spellcheck@1 to /home/qaezz/.config/discord/0.0.28/modules/pending/discord_spellcheck-1.zip: 36%
2023-08-26T01:11:21.207Z [Modules] Streaming discord_spellcheck@1 to /home/qaezz/.config/discord/0.0.28/modules/pending/discord_spellcheck-1.zip: 37%
2023-08-26T01:11:21.210Z [Modules] Streaming discord_spellcheck@1 to /home/qaezz/.config/discord/0.0.28/modules/pending/discord_spellcheck-1.zip: 38%
2023-08-26T01:11:21.212Z [Modules] Streaming discord_spellcheck@1 to /home/qaezz/.config/discord/0.0.28/modules/pending/discord_spellcheck-1.zip: 39%
2023-08-26T01:11:21.215Z [Modules] Streaming discord_spellcheck@1 to /home/qaezz/.config/discord/0.0.28/modules/pending/discord_spellcheck-1.zip: 40%
2023-08-26T01:11:21.217Z [Modules] Streaming discord_spellcheck@1 to /home/qaezz/.config/discord/0.0.28/modules/pending/discord_spellcheck-1.zip: 41%
2023-08-26T01:11:21.220Z [Modules] Streaming discord_spellcheck@1 to /home/qaezz/.config/discord/0.0.28/modules/pending/discord_spellcheck-1.zip: 42%
2023-08-26T01:11:21.223Z [Modules] Streaming discord_spellcheck@1 to /home/qaezz/.config/discord/0.0.28/modules/pending/discord_spellcheck-1.zip: 43%
2023-08-26T01:11:21.226Z [Modules] Streaming discord_spellcheck@1 to /home/qaezz/.config/discord/0.0.28/modules/pending/discord_spellcheck-1.zip: 44%
2023-08-26T01:11:21.228Z [Modules] Streaming discord_spellcheck@1 to /home/qaezz/.config/discord/0.0.28/modules/pending/discord_spellcheck-1.zip: 45%
2023-08-26T01:11:21.231Z [Modules] Streaming discord_spellcheck@1 to /home/qaezz/.config/discord/0.0.28/modules/pending/discord_spellcheck-1.zip: 46%
2023-08-26T01:11:21.232Z [Modules] Streaming discord_spellcheck@1 to /home/qaezz/.config/discord/0.0.28/modules/pending/discord_spellcheck-1.zip: 47%
2023-08-26T01:11:21.234Z [Modules] Streaming discord_spellcheck@1 to /home/qaezz/.config/discord/0.0.28/modules/pending/discord_spellcheck-1.zip: 48%
2023-08-26T01:11:21.237Z [Modules] Streaming discord_spellcheck@1 to /home/qaezz/.config/discord/0.0.28/modules/pending/discord_spellcheck-1.zip: 49%
2023-08-26T01:11:21.239Z [Modules] Streaming discord_spellcheck@1 to /home/qaezz/.config/discord/0.0.28/modules/pending/discord_spellcheck-1.zip: 50%
2023-08-26T01:11:21.242Z [Modules] Streaming discord_spellcheck@1 to /home/qaezz/.config/discord/0.0.28/modules/pending/discord_spellcheck-1.zip: 51%
2023-08-26T01:11:21.244Z [Modules] Streaming discord_spellcheck@1 to /home/qaezz/.config/discord/0.0.28/modules/pending/discord_spellcheck-1.zip: 52%
2023-08-26T01:11:21.261Z [Modules] Streaming discord_spellcheck@1 to /home/qaezz/.config/discord/0.0.28/modules/pending/discord_spellcheck-1.zip: 53%
2023-08-26T01:11:21.263Z [Modules] Streaming discord_spellcheck@1 to /home/qaezz/.config/discord/0.0.28/modules/pending/discord_spellcheck-1.zip: 54%
2023-08-26T01:11:21.269Z [Modules] Streaming discord_spellcheck@1 to /home/qaezz/.config/discord/0.0.28/modules/pending/discord_spellcheck-1.zip: 55%
2023-08-26T01:11:21.271Z [Modules] Streaming discord_spellcheck@1 to /home/qaezz/.config/discord/0.0.28/modules/pending/discord_spellcheck-1.zip: 56%
2023-08-26T01:11:21.273Z [Modules] Streaming discord_spellcheck@1 to /home/qaezz/.config/discord/0.0.28/modules/pending/discord_spellcheck-1.zip: 57%
2023-08-26T01:11:21.275Z [Modules] Streaming discord_spellcheck@1 to /home/qaezz/.config/discord/0.0.28/modules/pending/discord_spellcheck-1.zip: 58%
2023-08-26T01:11:21.278Z [Modules] Streaming discord_spellcheck@1 to /home/qaezz/.config/discord/0.0.28/modules/pending/discord_spellcheck-1.zip: 59%
2023-08-26T01:11:21.279Z [Modules] Streaming discord_spellcheck@1 to /home/qaezz/.config/discord/0.0.28/modules/pending/discord_spellcheck-1.zip: 60%
2023-08-26T01:11:21.281Z [Modules] Streaming discord_spellcheck@1 to /home/qaezz/.config/discord/0.0.28/modules/pending/discord_spellcheck-1.zip: 61%
2023-08-26T01:11:21.284Z [Modules] Streaming discord_spellcheck@1 to /home/qaezz/.config/discord/0.0.28/modules/pending/discord_spellcheck-1.zip: 62%
2023-08-26T01:11:21.286Z [Modules] Streaming discord_spellcheck@1 to /home/qaezz/.config/discord/0.0.28/modules/pending/discord_spellcheck-1.zip: 63%
2023-08-26T01:11:21.288Z [Modules] Streaming discord_spellcheck@1 to /home/qaezz/.config/discord/0.0.28/modules/pending/discord_spellcheck-1.zip: 64%
2023-08-26T01:11:21.290Z [Modules] Streaming discord_spellcheck@1 to /home/qaezz/.config/discord/0.0.28/modules/pending/discord_spellcheck-1.zip: 65%
2023-08-26T01:11:21.293Z [Modules] Streaming discord_spellcheck@1 to /home/qaezz/.config/discord/0.0.28/modules/pending/discord_spellcheck-1.zip: 66%
2023-08-26T01:11:21.296Z [Modules] Streaming discord_spellcheck@1 to /home/qaezz/.config/discord/0.0.28/modules/pending/discord_spellcheck-1.zip: 67%
2023-08-26T01:11:21.298Z [Modules] Streaming discord_spellcheck@1 to /home/qaezz/.config/discord/0.0.28/modules/pending/discord_spellcheck-1.zip: 68%
2023-08-26T01:11:21.300Z [Modules] Streaming discord_spellcheck@1 to /home/qaezz/.config/discord/0.0.28/modules/pending/discord_spellcheck-1.zip: 69%
2023-08-26T01:11:21.303Z [Modules] Streaming discord_spellcheck@1 to /home/qaezz/.config/discord/0.0.28/modules/pending/discord_spellcheck-1.zip: 70%
2023-08-26T01:11:21.305Z [Modules] Streaming discord_spellcheck@1 to /home/qaezz/.config/discord/0.0.28/modules/pending/discord_spellcheck-1.zip: 71%
2023-08-26T01:11:21.308Z [Modules] Streaming discord_spellcheck@1 to /home/qaezz/.config/discord/0.0.28/modules/pending/discord_spellcheck-1.zip: 72%
2023-08-26T01:11:21.310Z [Modules] Streaming discord_spellcheck@1 to /home/qaezz/.config/discord/0.0.28/modules/pending/discord_spellcheck-1.zip: 73%
2023-08-26T01:11:21.313Z [Modules] Streaming discord_spellcheck@1 to /home/qaezz/.config/discord/0.0.28/modules/pending/discord_spellcheck-1.zip: 74%
2023-08-26T01:11:21.314Z [Modules] Streaming discord_spellcheck@1 to /home/qaezz/.config/discord/0.0.28/modules/pending/discord_spellcheck-1.zip: 75%
2023-08-26T01:11:21.330Z [Modules] Streaming discord_spellcheck@1 to /home/qaezz/.config/discord/0.0.28/modules/pending/discord_spellcheck-1.zip: 76%
2023-08-26T01:11:21.332Z [Modules] Streaming discord_spellcheck@1 to /home/qaezz/.config/discord/0.0.28/modules/pending/discord_spellcheck-1.zip: 77%
2023-08-26T01:11:21.335Z [Modules] Streaming discord_spellcheck@1 to /home/qaezz/.config/discord/0.0.28/modules/pending/discord_spellcheck-1.zip: 78%
2023-08-26T01:11:21.338Z [Modules] Streaming discord_spellcheck@1 to /home/qaezz/.config/discord/0.0.28/modules/pending/discord_spellcheck-1.zip: 79%
2023-08-26T01:11:21.340Z [Modules] Streaming discord_spellcheck@1 to /home/qaezz/.config/discord/0.0.28/modules/pending/discord_spellcheck-1.zip: 80%
2023-08-26T01:11:21.342Z [Modules] Streaming discord_spellcheck@1 to /home/qaezz/.config/discord/0.0.28/modules/pending/discord_spellcheck-1.zip: 81%
2023-08-26T01:11:21.345Z [Modules] Streaming discord_spellcheck@1 to /home/qaezz/.config/discord/0.0.28/modules/pending/discord_spellcheck-1.zip: 82%
2023-08-26T01:11:21.347Z [Modules] Streaming discord_spellcheck@1 to /home/qaezz/.config/discord/0.0.28/modules/pending/discord_spellcheck-1.zip: 83%
2023-08-26T01:11:21.350Z [Modules] Streaming discord_spellcheck@1 to /home/qaezz/.config/discord/0.0.28/modules/pending/discord_spellcheck-1.zip: 84%
2023-08-26T01:11:21.351Z [Modules] Streaming discord_spellcheck@1 to /home/qaezz/.config/discord/0.0.28/modules/pending/discord_spellcheck-1.zip: 85%
2023-08-26T01:11:21.354Z [Modules] Streaming discord_spellcheck@1 to /home/qaezz/.config/discord/0.0.28/modules/pending/discord_spellcheck-1.zip: 86%
2023-08-26T01:11:21.355Z [Modules] Streaming discord_spellcheck@1 to /home/qaezz/.config/discord/0.0.28/modules/pending/discord_spellcheck-1.zip: 87%
2023-08-26T01:11:21.357Z [Modules] Streaming discord_spellcheck@1 to /home/qaezz/.config/discord/0.0.28/modules/pending/discord_spellcheck-1.zip: 88%
2023-08-26T01:11:21.360Z [Modules] Streaming discord_spellcheck@1 to /home/qaezz/.config/discord/0.0.28/modules/pending/discord_spellcheck-1.zip: 89%
2023-08-26T01:11:21.361Z [Modules] Streaming discord_spellcheck@1 to /home/qaezz/.config/discord/0.0.28/modules/pending/discord_spellcheck-1.zip: 90%
2023-08-26T01:11:21.363Z [Modules] Streaming discord_spellcheck@1 to /home/qaezz/.config/discord/0.0.28/modules/pending/discord_spellcheck-1.zip: 91%
2023-08-26T01:11:21.366Z [Modules] Streaming discord_spellcheck@1 to /home/qaezz/.config/discord/0.0.28/modules/pending/discord_spellcheck-1.zip: 92%
2023-08-26T01:11:21.368Z [Modules] Streaming discord_spellcheck@1 to /home/qaezz/.config/discord/0.0.28/modules/pending/discord_spellcheck-1.zip: 93%
2023-08-26T01:11:21.370Z [Modules] Streaming discord_spellcheck@1 to /home/qaezz/.config/discord/0.0.28/modules/pending/discord_spellcheck-1.zip: 94%
2023-08-26T01:11:21.372Z [Modules] Streaming discord_spellcheck@1 to /home/qaezz/.config/discord/0.0.28/modules/pending/discord_spellcheck-1.zip: 95%
2023-08-26T01:11:21.374Z [Modules] Streaming discord_spellcheck@1 to /home/qaezz/.config/discord/0.0.28/modules/pending/discord_spellcheck-1.zip: 96%
2023-08-26T01:11:21.377Z [Modules] Streaming discord_spellcheck@1 to /home/qaezz/.config/discord/0.0.28/modules/pending/discord_spellcheck-1.zip: 97%
2023-08-26T01:11:21.390Z [Modules] Streaming discord_spellcheck@1 to /home/qaezz/.config/discord/0.0.28/modules/pending/discord_spellcheck-1.zip: 98%
2023-08-26T01:11:21.391Z [Modules] Streaming discord_spellcheck@1 to /home/qaezz/.config/discord/0.0.28/modules/pending/discord_spellcheck-1.zip: 99%
2023-08-26T01:11:21.393Z [Modules] Streaming discord_spellcheck@1 to /home/qaezz/.config/discord/0.0.28/modules/pending/discord_spellcheck-1.zip: 100%
2023-08-26T01:11:21.394Z [Modules] Fetching discord_utils@2 from https://discord.com/api/modules/stable/discord_utils/2
2023-08-26T01:11:21.395Z [Modules] Streaming discord_utils@2 to /home/qaezz/.config/discord/0.0.28/modules/pending/discord_utils-2.zip
2023-08-26T01:11:21.499Z [Modules] Streaming discord_utils@2 to /home/qaezz/.config/discord/0.0.28/modules/pending/discord_utils-2.zip: 2%
2023-08-26T01:11:21.500Z [Modules] Streaming discord_utils@2 to /home/qaezz/.config/discord/0.0.28/modules/pending/discord_utils-2.zip: 3%
2023-08-26T01:11:21.501Z [Modules] Streaming discord_utils@2 to /home/qaezz/.config/discord/0.0.28/modules/pending/discord_utils-2.zip: 4%
2023-08-26T01:11:21.503Z [Modules] Streaming discord_utils@2 to /home/qaezz/.config/discord/0.0.28/modules/pending/discord_utils-2.zip: 5%
2023-08-26T01:11:21.504Z [Modules] Streaming discord_utils@2 to /home/qaezz/.config/discord/0.0.28/modules/pending/discord_utils-2.zip: 7%
2023-08-26T01:11:21.505Z [Modules] Streaming discord_utils@2 to /home/qaezz/.config/discord/0.0.28/modules/pending/discord_utils-2.zip: 9%
2023-08-26T01:11:21.506Z [Modules] Streaming discord_utils@2 to /home/qaezz/.config/discord/0.0.28/modules/pending/discord_utils-2.zip: 10%
2023-08-26T01:11:21.506Z [Modules] Streaming discord_utils@2 to /home/qaezz/.config/discord/0.0.28/modules/pending/discord_utils-2.zip: 11%
2023-08-26T01:11:21.507Z [Modules] Streaming discord_utils@2 to /home/qaezz/.config/discord/0.0.28/modules/pending/discord_utils-2.zip: 13%
2023-08-26T01:11:21.510Z [Modules] Streaming discord_utils@2 to /home/qaezz/.config/discord/0.0.28/modules/pending/discord_utils-2.zip: 15%
2023-08-26T01:11:21.512Z [Modules] Streaming discord_utils@2 to /home/qaezz/.config/discord/0.0.28/modules/pending/discord_utils-2.zip: 17%
2023-08-26T01:11:21.516Z [Modules] Streaming discord_utils@2 to /home/qaezz/.config/discord/0.0.28/modules/pending/discord_utils-2.zip: 19%
2023-08-26T01:11:21.518Z [Modules] Streaming discord_utils@2 to /home/qaezz/.config/discord/0.0.28/modules/pending/discord_utils-2.zip: 21%
2023-08-26T01:11:21.518Z [Modules] Streaming discord_utils@2 to /home/qaezz/.config/discord/0.0.28/modules/pending/discord_utils-2.zip: 23%
2023-08-26T01:11:21.520Z [Modules] Streaming discord_utils@2 to /home/qaezz/.config/discord/0.0.28/modules/pending/discord_utils-2.zip: 25%
2023-08-26T01:11:21.522Z [Modules] Streaming discord_utils@2 to /home/qaezz/.config/discord/0.0.28/modules/pending/discord_utils-2.zip: 27%
2023-08-26T01:11:21.523Z [Modules] Streaming discord_utils@2 to /home/qaezz/.config/discord/0.0.28/modules/pending/discord_utils-2.zip: 29%
2023-08-26T01:11:21.524Z [Modules] Streaming discord_utils@2 to /home/qaezz/.config/discord/0.0.28/modules/pending/discord_utils-2.zip: 30%
2023-08-26T01:11:21.525Z [Modules] Streaming discord_utils@2 to /home/qaezz/.config/discord/0.0.28/modules/pending/discord_utils-2.zip: 31%
2023-08-26T01:11:21.525Z [Modules] Streaming discord_utils@2 to /home/qaezz/.config/discord/0.0.28/modules/pending/discord_utils-2.zip: 32%
2023-08-26T01:11:21.527Z [Modules] Streaming discord_utils@2 to /home/qaezz/.config/discord/0.0.28/modules/pending/discord_utils-2.zip: 33%
2023-08-26T01:11:21.529Z [Modules] Streaming discord_utils@2 to /home/qaezz/.config/discord/0.0.28/modules/pending/discord_utils-2.zip: 35%
2023-08-26T01:11:21.530Z [Modules] Streaming discord_utils@2 to /home/qaezz/.config/discord/0.0.28/modules/pending/discord_utils-2.zip: 37%
2023-08-26T01:11:21.531Z [Modules] Streaming discord_utils@2 to /home/qaezz/.config/discord/0.0.28/modules/pending/discord_utils-2.zip: 39%
2023-08-26T01:11:21.533Z [Modules] Streaming discord_utils@2 to /home/qaezz/.config/discord/0.0.28/modules/pending/discord_utils-2.zip: 41%
2023-08-26T01:11:21.534Z [Modules] Streaming discord_utils@2 to /home/qaezz/.config/discord/0.0.28/modules/pending/discord_utils-2.zip: 43%
2023-08-26T01:11:21.536Z [Modules] Streaming discord_utils@2 to /home/qaezz/.config/discord/0.0.28/modules/pending/discord_utils-2.zip: 44%
2023-08-26T01:11:21.551Z [Modules] Streaming discord_utils@2 to /home/qaezz/.config/discord/0.0.28/modules/pending/discord_utils-2.zip: 46%
2023-08-26T01:11:21.554Z [Modules] Streaming discord_utils@2 to /home/qaezz/.config/discord/0.0.28/modules/pending/discord_utils-2.zip: 48%
2023-08-26T01:11:21.555Z [Modules] Streaming discord_utils@2 to /home/qaezz/.config/discord/0.0.28/modules/pending/discord_utils-2.zip: 50%
2023-08-26T01:11:21.557Z [Modules] Streaming discord_utils@2 to /home/qaezz/.config/discord/0.0.28/modules/pending/discord_utils-2.zip: 52%
2023-08-26T01:11:21.558Z [Modules] Streaming discord_utils@2 to /home/qaezz/.config/discord/0.0.28/modules/pending/discord_utils-2.zip: 54%
2023-08-26T01:11:21.559Z [Modules] Streaming discord_utils@2 to /home/qaezz/.config/discord/0.0.28/modules/pending/discord_utils-2.zip: 55%
2023-08-26T01:11:21.560Z [Modules] Streaming discord_utils@2 to /home/qaezz/.config/discord/0.0.28/modules/pending/discord_utils-2.zip: 56%
2023-08-26T01:11:21.561Z [Modules] Streaming discord_utils@2 to /home/qaezz/.config/discord/0.0.28/modules/pending/discord_utils-2.zip: 57%
2023-08-26T01:11:21.562Z [Modules] Streaming discord_utils@2 to /home/qaezz/.config/discord/0.0.28/modules/pending/discord_utils-2.zip: 58%
2023-08-26T01:11:21.562Z [Modules] Streaming discord_utils@2 to /home/qaezz/.config/discord/0.0.28/modules/pending/discord_utils-2.zip: 59%
2023-08-26T01:11:21.564Z [Modules] Streaming discord_utils@2 to /home/qaezz/.config/discord/0.0.28/modules/pending/discord_utils-2.zip: 61%
2023-08-26T01:11:21.566Z [Modules] Streaming discord_utils@2 to /home/qaezz/.config/discord/0.0.28/modules/pending/discord_utils-2.zip: 63%
2023-08-26T01:11:21.566Z [Modules] Streaming discord_utils@2 to /home/qaezz/.config/discord/0.0.28/modules/pending/discord_utils-2.zip: 64%
2023-08-26T01:11:21.568Z [Modules] Streaming discord_utils@2 to /home/qaezz/.config/discord/0.0.28/modules/pending/discord_utils-2.zip: 66%
2023-08-26T01:11:21.570Z [Modules] Streaming discord_utils@2 to /home/qaezz/.config/discord/0.0.28/modules/pending/discord_utils-2.zip: 67%
2023-08-26T01:11:21.571Z [Modules] Streaming discord_utils@2 to /home/qaezz/.config/discord/0.0.28/modules/pending/discord_utils-2.zip: 69%
2023-08-26T01:11:21.571Z [Modules] Streaming discord_utils@2 to /home/qaezz/.config/discord/0.0.28/modules/pending/discord_utils-2.zip: 70%
2023-08-26T01:11:21.572Z [Modules] Streaming discord_utils@2 to /home/qaezz/.config/discord/0.0.28/modules/pending/discord_utils-2.zip: 72%
2023-08-26T01:11:21.574Z [Modules] Streaming discord_utils@2 to /home/qaezz/.config/discord/0.0.28/modules/pending/discord_utils-2.zip: 74%
2023-08-26T01:11:21.574Z [Modules] Streaming discord_utils@2 to /home/qaezz/.config/discord/0.0.28/modules/pending/discord_utils-2.zip: 75%
2023-08-26T01:11:21.576Z [Modules] Streaming discord_utils@2 to /home/qaezz/.config/discord/0.0.28/modules/pending/discord_utils-2.zip: 77%
2023-08-26T01:11:21.577Z [Modules] Streaming discord_utils@2 to /home/qaezz/.config/discord/0.0.28/modules/pending/discord_utils-2.zip: 78%
2023-08-26T01:11:21.579Z [Modules] Streaming discord_utils@2 to /home/qaezz/.config/discord/0.0.28/modules/pending/discord_utils-2.zip: 79%
2023-08-26T01:11:21.580Z [Modules] Streaming discord_utils@2 to /home/qaezz/.config/discord/0.0.28/modules/pending/discord_utils-2.zip: 82%
2023-08-26T01:11:21.581Z [Modules] Streaming discord_utils@2 to /home/qaezz/.config/discord/0.0.28/modules/pending/discord_utils-2.zip: 84%
2023-08-26T01:11:21.582Z [Modules] Streaming discord_utils@2 to /home/qaezz/.config/discord/0.0.28/modules/pending/discord_utils-2.zip: 86%
2023-08-26T01:11:21.584Z [Modules] Streaming discord_utils@2 to /home/qaezz/.config/discord/0.0.28/modules/pending/discord_utils-2.zip: 88%
2023-08-26T01:11:21.585Z [Modules] Streaming discord_utils@2 to /home/qaezz/.config/discord/0.0.28/modules/pending/discord_utils-2.zip: 90%
2023-08-26T01:11:21.602Z [Modules] Streaming discord_utils@2 to /home/qaezz/.config/discord/0.0.28/modules/pending/discord_utils-2.zip: 91%
2023-08-26T01:11:21.604Z [Modules] Streaming discord_utils@2 to /home/qaezz/.config/discord/0.0.28/modules/pending/discord_utils-2.zip: 92%
2023-08-26T01:11:21.604Z [Modules] Streaming discord_utils@2 to /home/qaezz/.config/discord/0.0.28/modules/pending/discord_utils-2.zip: 93%
2023-08-26T01:11:21.606Z [Modules] Streaming discord_utils@2 to /home/qaezz/.config/discord/0.0.28/modules/pending/discord_utils-2.zip: 94%
2023-08-26T01:11:21.607Z [Modules] Streaming discord_utils@2 to /home/qaezz/.config/discord/0.0.28/modules/pending/discord_utils-2.zip: 96%
2023-08-26T01:11:21.609Z [Modules] Streaming discord_utils@2 to /home/qaezz/.config/discord/0.0.28/modules/pending/discord_utils-2.zip: 98%
2023-08-26T01:11:21.609Z [Modules] Streaming discord_utils@2 to /home/qaezz/.config/discord/0.0.28/modules/pending/discord_utils-2.zip: 99%
2023-08-26T01:11:21.609Z [Modules] Streaming discord_utils@2 to /home/qaezz/.config/discord/0.0.28/modules/pending/discord_utils-2.zip: 100%
2023-08-26T01:11:21.611Z [Modules] Fetching discord_voice@3 from https://discord.com/api/modules/stable/discord_voice/3
2023-08-26T01:11:21.611Z [Modules] Streaming discord_voice@3 to /home/qaezz/.config/discord/0.0.28/modules/pending/discord_voice-3.zip
2023-08-26T01:11:21.723Z [Modules] Streaming discord_voice@3 to /home/qaezz/.config/discord/0.0.28/modules/pending/discord_voice-3.zip: 1%
2023-08-26T01:11:21.727Z [Modules] Streaming discord_voice@3 to /home/qaezz/.config/discord/0.0.28/modules/pending/discord_voice-3.zip: 2%
2023-08-26T01:11:21.731Z [Modules] Streaming discord_voice@3 to /home/qaezz/.config/discord/0.0.28/modules/pending/discord_voice-3.zip: 3%
2023-08-26T01:11:21.741Z [Modules] Streaming discord_voice@3 to /home/qaezz/.config/discord/0.0.28/modules/pending/discord_voice-3.zip: 4%
2023-08-26T01:11:21.744Z [Modules] Streaming discord_voice@3 to /home/qaezz/.config/discord/0.0.28/modules/pending/discord_voice-3.zip: 5%
2023-08-26T01:11:21.749Z [Modules] Streaming discord_voice@3 to /home/qaezz/.config/discord/0.0.28/modules/pending/discord_voice-3.zip: 6%
2023-08-26T01:11:21.755Z [Modules] Streaming discord_voice@3 to /home/qaezz/.config/discord/0.0.28/modules/pending/discord_voice-3.zip: 7%
2023-08-26T01:11:21.758Z [Modules] Streaming discord_voice@3 to /home/qaezz/.config/discord/0.0.28/modules/pending/discord_voice-3.zip: 8%
2023-08-26T01:11:21.762Z [Modules] Streaming discord_voice@3 to /home/qaezz/.config/discord/0.0.28/modules/pending/discord_voice-3.zip: 9%
2023-08-26T01:11:21.766Z [Modules] Streaming discord_voice@3 to /home/qaezz/.config/discord/0.0.28/modules/pending/discord_voice-3.zip: 10%
2023-08-26T01:11:21.773Z [Modules] Streaming discord_voice@3 to /home/qaezz/.config/discord/0.0.28/modules/pending/discord_voice-3.zip: 11%
2023-08-26T01:11:21.778Z [Modules] Streaming discord_voice@3 to /home/qaezz/.config/discord/0.0.28/modules/pending/discord_voice-3.zip: 12%
2023-08-26T01:11:21.783Z [Modules] Streaming discord_voice@3 to /home/qaezz/.config/discord/0.0.28/modules/pending/discord_voice-3.zip: 13%
2023-08-26T01:11:21.786Z [Modules] Streaming discord_voice@3 to /home/qaezz/.config/discord/0.0.28/modules/pending/discord_voice-3.zip: 14%
2023-08-26T01:11:21.791Z [Modules] Streaming discord_voice@3 to /home/qaezz/.config/discord/0.0.28/modules/pending/discord_voice-3.zip: 15%
2023-08-26T01:11:21.794Z [Modules] Streaming discord_voice@3 to /home/qaezz/.config/discord/0.0.28/modules/pending/discord_voice-3.zip: 16%
2023-08-26T01:11:21.799Z [Modules] Streaming discord_voice@3 to /home/qaezz/.config/discord/0.0.28/modules/pending/discord_voice-3.zip: 17%
2023-08-26T01:11:21.805Z [Modules] Streaming discord_voice@3 to /home/qaezz/.config/discord/0.0.28/modules/pending/discord_voice-3.zip: 18%
2023-08-26T01:11:21.812Z [Modules] Streaming discord_voice@3 to /home/qaezz/.config/discord/0.0.28/modules/pending/discord_voice-3.zip: 19%
2023-08-26T01:11:21.815Z [Modules] Streaming discord_voice@3 to /home/qaezz/.config/discord/0.0.28/modules/pending/discord_voice-3.zip: 20%
2023-08-26T01:11:21.822Z [Modules] Streaming discord_voice@3 to /home/qaezz/.config/discord/0.0.28/modules/pending/discord_voice-3.zip: 21%
2023-08-26T01:11:21.825Z [Modules] Streaming discord_voice@3 to /home/qaezz/.config/discord/0.0.28/modules/pending/discord_voice-3.zip: 22%
2023-08-26T01:11:21.829Z [Modules] Streaming discord_voice@3 to /home/qaezz/.config/discord/0.0.28/modules/pending/discord_voice-3.zip: 23%
2023-08-26T01:11:21.833Z [Modules] Streaming discord_voice@3 to /home/qaezz/.config/discord/0.0.28/modules/pending/discord_voice-3.zip: 24%
2023-08-26T01:11:21.840Z [Modules] Streaming discord_voice@3 to /home/qaezz/.config/discord/0.0.28/modules/pending/discord_voice-3.zip: 25%
2023-08-26T01:11:21.844Z [Modules] Streaming discord_voice@3 to /home/qaezz/.config/discord/0.0.28/modules/pending/discord_voice-3.zip: 26%
2023-08-26T01:11:21.873Z [Modules] Streaming discord_voice@3 to /home/qaezz/.config/discord/0.0.28/modules/pending/discord_voice-3.zip: 27%
2023-08-26T01:11:21.874Z [Modules] Streaming discord_voice@3 to /home/qaezz/.config/discord/0.0.28/modules/pending/discord_voice-3.zip: 28%
2023-08-26T01:11:21.876Z [Modules] Streaming discord_voice@3 to /home/qaezz/.config/discord/0.0.28/modules/pending/discord_voice-3.zip: 29%
2023-08-26T01:11:21.876Z [Modules] Streaming discord_voice@3 to /home/qaezz/.config/discord/0.0.28/modules/pending/discord_voice-3.zip: 30%
2023-08-26T01:11:21.877Z [Modules] Streaming discord_voice@3 to /home/qaezz/.config/discord/0.0.28/modules/pending/discord_voice-3.zip: 31%
2023-08-26T01:11:21.878Z [Modules] Streaming discord_voice@3 to /home/qaezz/.config/discord/0.0.28/modules/pending/discord_voice-3.zip: 32%
2023-08-26T01:11:21.878Z [Modules] Streaming discord_voice@3 to /home/qaezz/.config/discord/0.0.28/modules/pending/discord_voice-3.zip: 33%
2023-08-26T01:11:21.883Z [Modules] Streaming discord_voice@3 to /home/qaezz/.config/discord/0.0.28/modules/pending/discord_voice-3.zip: 34%
2023-08-26T01:11:21.902Z [Modules] Streaming discord_voice@3 to /home/qaezz/.config/discord/0.0.28/modules/pending/discord_voice-3.zip: 35%
2023-08-26T01:11:21.907Z [Modules] Streaming discord_voice@3 to /home/qaezz/.config/discord/0.0.28/modules/pending/discord_voice-3.zip: 36%
2023-08-26T01:11:21.911Z [Modules] Streaming discord_voice@3 to /home/qaezz/.config/discord/0.0.28/modules/pending/discord_voice-3.zip: 37%
2023-08-26T01:11:21.918Z [Modules] Streaming discord_voice@3 to /home/qaezz/.config/discord/0.0.28/modules/pending/discord_voice-3.zip: 38%
2023-08-26T01:11:21.922Z [Modules] Streaming discord_voice@3 to /home/qaezz/.config/discord/0.0.28/modules/pending/discord_voice-3.zip: 39%
2023-08-26T01:11:21.927Z [Modules] Streaming discord_voice@3 to /home/qaezz/.config/discord/0.0.28/modules/pending/discord_voice-3.zip: 40%
2023-08-26T01:11:21.931Z [Modules] Streaming discord_voice@3 to /home/qaezz/.config/discord/0.0.28/modules/pending/discord_voice-3.zip: 41%
2023-08-26T01:11:21.934Z [Modules] Streaming discord_voice@3 to /home/qaezz/.config/discord/0.0.28/modules/pending/discord_voice-3.zip: 42%
2023-08-26T01:11:21.940Z [Modules] Streaming discord_voice@3 to /home/qaezz/.config/discord/0.0.28/modules/pending/discord_voice-3.zip: 43%
2023-08-26T01:11:21.943Z [Modules] Streaming discord_voice@3 to /home/qaezz/.config/discord/0.0.28/modules/pending/discord_voice-3.zip: 44%
2023-08-26T01:11:21.949Z [Modules] Streaming discord_voice@3 to /home/qaezz/.config/discord/0.0.28/modules/pending/discord_voice-3.zip: 45%
2023-08-26T01:11:21.966Z [Modules] Streaming discord_voice@3 to /home/qaezz/.config/discord/0.0.28/modules/pending/discord_voice-3.zip: 46%
2023-08-26T01:11:21.970Z [Modules] Streaming discord_voice@3 to /home/qaezz/.config/discord/0.0.28/modules/pending/discord_voice-3.zip: 47%
2023-08-26T01:11:21.973Z [Modules] Streaming discord_voice@3 to /home/qaezz/.config/discord/0.0.28/modules/pending/discord_voice-3.zip: 48%
2023-08-26T01:11:21.980Z [Modules] Streaming discord_voice@3 to /home/qaezz/.config/discord/0.0.28/modules/pending/discord_voice-3.zip: 49%
2023-08-26T01:11:21.984Z [Modules] Streaming discord_voice@3 to /home/qaezz/.config/discord/0.0.28/modules/pending/discord_voice-3.zip: 50%
2023-08-26T01:11:21.987Z [Modules] Streaming discord_voice@3 to /home/qaezz/.config/discord/0.0.28/modules/pending/discord_voice-3.zip: 51%
2023-08-26T01:11:21.992Z [Modules] Streaming discord_voice@3 to /home/qaezz/.config/discord/0.0.28/modules/pending/discord_voice-3.zip: 52%
2023-08-26T01:11:21.995Z [Modules] Streaming discord_voice@3 to /home/qaezz/.config/discord/0.0.28/modules/pending/discord_voice-3.zip: 53%
2023-08-26T01:11:22.000Z [Modules] Streaming discord_voice@3 to /home/qaezz/.config/discord/0.0.28/modules/pending/discord_voice-3.zip: 54%
2023-08-26T01:11:22.003Z [Modules] Streaming discord_voice@3 to /home/qaezz/.config/discord/0.0.28/modules/pending/discord_voice-3.zip: 55%
2023-08-26T01:11:22.009Z [Modules] Streaming discord_voice@3 to /home/qaezz/.config/discord/0.0.28/modules/pending/discord_voice-3.zip: 56%
2023-08-26T01:11:22.025Z [Modules] Streaming discord_voice@3 to /home/qaezz/.config/discord/0.0.28/modules/pending/discord_voice-3.zip: 57%
2023-08-26T01:11:22.029Z [Modules] Streaming discord_voice@3 to /home/qaezz/.config/discord/0.0.28/modules/pending/discord_voice-3.zip: 58%
2023-08-26T01:11:22.033Z [Modules] Streaming discord_voice@3 to /home/qaezz/.config/discord/0.0.28/modules/pending/discord_voice-3.zip: 59%
2023-08-26T01:11:22.037Z [Modules] Streaming discord_voice@3 to /home/qaezz/.config/discord/0.0.28/modules/pending/discord_voice-3.zip: 60%
2023-08-26T01:11:22.043Z [Modules] Streaming discord_voice@3 to /home/qaezz/.config/discord/0.0.28/modules/pending/discord_voice-3.zip: 61%
2023-08-26T01:11:22.046Z [Modules] Streaming discord_voice@3 to /home/qaezz/.config/discord/0.0.28/modules/pending/discord_voice-3.zip: 62%
2023-08-26T01:11:22.049Z [Modules] Streaming discord_voice@3 to /home/qaezz/.config/discord/0.0.28/modules/pending/discord_voice-3.zip: 63%
2023-08-26T01:11:22.054Z [Modules] Streaming discord_voice@3 to /home/qaezz/.config/discord/0.0.28/modules/pending/discord_voice-3.zip: 64%
2023-08-26T01:11:22.072Z [Modules] Streaming discord_voice@3 to /home/qaezz/.config/discord/0.0.28/modules/pending/discord_voice-3.zip: 65%
2023-08-26T01:11:22.077Z [Modules] Streaming discord_voice@3 to /home/qaezz/.config/discord/0.0.28/modules/pending/discord_voice-3.zip: 66%
2023-08-26T01:11:22.080Z [Modules] Streaming discord_voice@3 to /home/qaezz/.config/discord/0.0.28/modules/pending/discord_voice-3.zip: 67%
2023-08-26T01:11:22.086Z [Modules] Streaming discord_voice@3 to /home/qaezz/.config/discord/0.0.28/modules/pending/discord_voice-3.zip: 68%
2023-08-26T01:11:22.090Z [Modules] Streaming discord_voice@3 to /home/qaezz/.config/discord/0.0.28/modules/pending/discord_voice-3.zip: 69%
2023-08-26T01:11:22.093Z [Modules] Streaming discord_voice@3 to /home/qaezz/.config/discord/0.0.28/modules/pending/discord_voice-3.zip: 70%
2023-08-26T01:11:22.098Z [Modules] Streaming discord_voice@3 to /home/qaezz/.config/discord/0.0.28/modules/pending/discord_voice-3.zip: 71%
2023-08-26T01:11:22.102Z [Modules] Streaming discord_voice@3 to /home/qaezz/.config/discord/0.0.28/modules/pending/discord_voice-3.zip: 72%
2023-08-26T01:11:22.106Z [Modules] Streaming discord_voice@3 to /home/qaezz/.config/discord/0.0.28/modules/pending/discord_voice-3.zip: 73%
2023-08-26T01:11:22.111Z [Modules] Streaming discord_voice@3 to /home/qaezz/.config/discord/0.0.28/modules/pending/discord_voice-3.zip: 74%
2023-08-26T01:11:22.115Z [Modules] Streaming discord_voice@3 to /home/qaezz/.config/discord/0.0.28/modules/pending/discord_voice-3.zip: 75%
2023-08-26T01:11:22.134Z [Modules] Streaming discord_voice@3 to /home/qaezz/.config/discord/0.0.28/modules/pending/discord_voice-3.zip: 76%
2023-08-26T01:11:22.144Z [Modules] Streaming discord_voice@3 to /home/qaezz/.config/discord/0.0.28/modules/pending/discord_voice-3.zip: 77%
2023-08-26T01:11:22.149Z [Modules] Streaming discord_voice@3 to /home/qaezz/.config/discord/0.0.28/modules/pending/discord_voice-3.zip: 78%
2023-08-26T01:11:22.153Z [Modules] Streaming discord_voice@3 to /home/qaezz/.config/discord/0.0.28/modules/pending/discord_voice-3.zip: 79%
2023-08-26T01:11:22.157Z [Modules] Streaming discord_voice@3 to /home/qaezz/.config/discord/0.0.28/modules/pending/discord_voice-3.zip: 80%
2023-08-26T01:11:22.162Z [Modules] Streaming discord_voice@3 to /home/qaezz/.config/discord/0.0.28/modules/pending/discord_voice-3.zip: 81%
2023-08-26T01:11:22.165Z [Modules] Streaming discord_voice@3 to /home/qaezz/.config/discord/0.0.28/modules/pending/discord_voice-3.zip: 82%
2023-08-26T01:11:22.169Z [Modules] Streaming discord_voice@3 to /home/qaezz/.config/discord/0.0.28/modules/pending/discord_voice-3.zip: 83%
2023-08-26T01:11:22.175Z [Modules] Streaming discord_voice@3 to /home/qaezz/.config/discord/0.0.28/modules/pending/discord_voice-3.zip: 84%
2023-08-26T01:11:22.180Z [Modules] Streaming discord_voice@3 to /home/qaezz/.config/discord/0.0.28/modules/pending/discord_voice-3.zip: 85%
2023-08-26T01:11:22.183Z [Modules] Streaming discord_voice@3 to /home/qaezz/.config/discord/0.0.28/modules/pending/discord_voice-3.zip: 86%
2023-08-26T01:11:22.194Z [Modules] Streaming discord_voice@3 to /home/qaezz/.config/discord/0.0.28/modules/pending/discord_voice-3.zip: 87%
2023-08-26T01:11:22.198Z [Modules] Streaming discord_voice@3 to /home/qaezz/.config/discord/0.0.28/modules/pending/discord_voice-3.zip: 88%
2023-08-26T01:11:22.202Z [Modules] Streaming discord_voice@3 to /home/qaezz/.config/discord/0.0.28/modules/pending/discord_voice-3.zip: 89%
2023-08-26T01:11:22.208Z [Modules] Streaming discord_voice@3 to /home/qaezz/.config/discord/0.0.28/modules/pending/discord_voice-3.zip: 90%
2023-08-26T01:11:22.211Z [Modules] Streaming discord_voice@3 to /home/qaezz/.config/discord/0.0.28/modules/pending/discord_voice-3.zip: 91%
2023-08-26T01:11:22.215Z [Modules] Streaming discord_voice@3 to /home/qaezz/.config/discord/0.0.28/modules/pending/discord_voice-3.zip: 92%
2023-08-26T01:11:22.220Z [Modules] Streaming discord_voice@3 to /home/qaezz/.config/discord/0.0.28/modules/pending/discord_voice-3.zip: 93%
2023-08-26T01:11:22.225Z [Modules] Streaming discord_voice@3 to /home/qaezz/.config/discord/0.0.28/modules/pending/discord_voice-3.zip: 94%
2023-08-26T01:11:22.231Z [Modules] Streaming discord_voice@3 to /home/qaezz/.config/discord/0.0.28/modules/pending/discord_voice-3.zip: 95%
2023-08-26T01:11:22.235Z [Modules] Streaming discord_voice@3 to /home/qaezz/.config/discord/0.0.28/modules/pending/discord_voice-3.zip: 96%
2023-08-26T01:11:22.239Z [Modules] Streaming discord_voice@3 to /home/qaezz/.config/discord/0.0.28/modules/pending/discord_voice-3.zip: 97%
2023-08-26T01:11:22.246Z [Modules] Streaming discord_voice@3 to /home/qaezz/.config/discord/0.0.28/modules/pending/discord_voice-3.zip: 98%
2023-08-26T01:11:22.252Z [Modules] Streaming discord_voice@3 to /home/qaezz/.config/discord/0.0.28/modules/pending/discord_voice-3.zip: 99%
2023-08-26T01:11:22.255Z [Modules] Streaming discord_voice@3 to /home/qaezz/.config/discord/0.0.28/modules/pending/discord_voice-3.zip: 100%
2023-08-26T01:11:22.257Z [Modules] Finished module downloads. [success: 5] [failure: 0]
2023-08-26T01:11:22.257Z [Modules] Installing updates...
2023-08-26T01:11:22.258Z [Modules] Installing discord_desktop_core@1 from /home/qaezz/.config/discord/0.0.28/modules/pending/discord_desktop_core-1.zip
2023-08-26T01:11:22.358Z [Modules] Installing discord_erlpack@1 from /home/qaezz/.config/discord/0.0.28/modules/pending/discord_erlpack-1.zip
2023-08-26T01:11:22.425Z [Modules] Installing discord_spellcheck@1 from /home/qaezz/.config/discord/0.0.28/modules/pending/discord_spellcheck-1.zip
2023-08-26T01:11:22.998Z [Modules] Installing discord_utils@2 from /home/qaezz/.config/discord/0.0.28/modules/pending/discord_utils-2.zip
2023-08-26T01:11:23.346Z [Modules] Installing discord_voice@3 from /home/qaezz/.config/discord/0.0.28/modules/pending/discord_voice-3.zip
2023-08-26T01:11:24.113Z [Modules] Finished module installations. [success: 5] [failure: 0]
2023-08-26T01:11:24.113Z [Modules] Checking for host updates.
2023-08-26T01:11:24.184Z [Modules] Host is up to date.
2023-08-26T01:11:24.184Z [Modules] Checking for module updates at https://discord.com/api/modules/stable/versions.json
2023-08-26T01:11:24.189Z [Modules] No module updates available.
2023-08-26T01:11:26.031Z [Modules] Starting to install discord_krisp...
2023-08-26T01:11:26.031Z [Modules] Fetching discord_krisp@1 from https://discord.com/api/modules/stable/discord_krisp/1
2023-08-26T01:11:26.032Z [Modules] Streaming discord_krisp@1 to /home/qaezz/.config/discord/0.0.28/modules/pending/discord_krisp-1.zip
2023-08-26T01:11:26.045Z [Modules] Starting to install discord_game_utils...
2023-08-26T01:11:26.187Z [Modules] Streaming discord_krisp@1 to /home/qaezz/.config/discord/0.0.28/modules/pending/discord_krisp-1.zip: 1%
2023-08-26T01:11:26.188Z [Modules] Streaming discord_krisp@1 to /home/qaezz/.config/discord/0.0.28/modules/pending/discord_krisp-1.zip: 2%
2023-08-26T01:11:26.189Z [Modules] Streaming discord_krisp@1 to /home/qaezz/.config/discord/0.0.28/modules/pending/discord_krisp-1.zip: 3%
2023-08-26T01:11:26.190Z [Modules] Streaming discord_krisp@1 to /home/qaezz/.config/discord/0.0.28/modules/pending/discord_krisp-1.zip: 4%
2023-08-26T01:11:26.191Z [Modules] Streaming discord_krisp@1 to /home/qaezz/.config/discord/0.0.28/modules/pending/discord_krisp-1.zip: 5%
2023-08-26T01:11:26.192Z [Modules] Streaming discord_krisp@1 to /home/qaezz/.config/discord/0.0.28/modules/pending/discord_krisp-1.zip: 6%
2023-08-26T01:11:26.208Z [Modules] Streaming discord_krisp@1 to /home/qaezz/.config/discord/0.0.28/modules/pending/discord_krisp-1.zip: 7%
2023-08-26T01:11:26.211Z [Modules] Streaming discord_krisp@1 to /home/qaezz/.config/discord/0.0.28/modules/pending/discord_krisp-1.zip: 8%
2023-08-26T01:11:26.218Z [Modules] Streaming discord_krisp@1 to /home/qaezz/.config/discord/0.0.28/modules/pending/discord_krisp-1.zip: 9%
2023-08-26T01:11:26.221Z [Modules] Streaming discord_krisp@1 to /home/qaezz/.config/discord/0.0.28/modules/pending/discord_krisp-1.zip: 10%
2023-08-26T01:11:26.256Z [Modules] Streaming discord_krisp@1 to /home/qaezz/.config/discord/0.0.28/modules/pending/discord_krisp-1.zip: 11%
2023-08-26T01:11:26.261Z [Modules] Streaming discord_krisp@1 to /home/qaezz/.config/discord/0.0.28/modules/pending/discord_krisp-1.zip: 12%
2023-08-26T01:11:26.413Z [Modules] Streaming discord_krisp@1 to /home/qaezz/.config/discord/0.0.28/modules/pending/discord_krisp-1.zip: 13%
2023-08-26T01:11:26.423Z [Modules] Streaming discord_krisp@1 to /home/qaezz/.config/discord/0.0.28/modules/pending/discord_krisp-1.zip: 14%
2023-08-26T01:11:26.447Z [Modules] Streaming discord_krisp@1 to /home/qaezz/.config/discord/0.0.28/modules/pending/discord_krisp-1.zip: 15%
2023-08-26T01:11:26.456Z [Modules] Streaming discord_krisp@1 to /home/qaezz/.config/discord/0.0.28/modules/pending/discord_krisp-1.zip: 16%
2023-08-26T01:11:26.459Z [Modules] Streaming discord_krisp@1 to /home/qaezz/.config/discord/0.0.28/modules/pending/discord_krisp-1.zip: 17%
2023-08-26T01:11:26.463Z [Modules] Streaming discord_krisp@1 to /home/qaezz/.config/discord/0.0.28/modules/pending/discord_krisp-1.zip: 18%
2023-08-26T01:11:26.464Z [Modules] Streaming discord_krisp@1 to /home/qaezz/.config/discord/0.0.28/modules/pending/discord_krisp-1.zip: 19%
2023-08-26T01:11:26.465Z [Modules] Streaming discord_krisp@1 to /home/qaezz/.config/discord/0.0.28/modules/pending/discord_krisp-1.zip: 20%
2023-08-26T01:11:26.466Z [Modules] Streaming discord_krisp@1 to /home/qaezz/.config/discord/0.0.28/modules/pending/discord_krisp-1.zip: 21%
2023-08-26T01:11:26.467Z [Modules] Streaming discord_krisp@1 to /home/qaezz/.config/discord/0.0.28/modules/pending/discord_krisp-1.zip: 22%
2023-08-26T01:11:26.468Z [Modules] Streaming discord_krisp@1 to /home/qaezz/.config/discord/0.0.28/modules/pending/discord_krisp-1.zip: 23%
2023-08-26T01:11:26.469Z [Modules] Streaming discord_krisp@1 to /home/qaezz/.config/discord/0.0.28/modules/pending/discord_krisp-1.zip: 24%
2023-08-26T01:11:26.469Z [Modules] Streaming discord_krisp@1 to /home/qaezz/.config/discord/0.0.28/modules/pending/discord_krisp-1.zip: 25%
2023-08-26T01:11:26.470Z [Modules] Streaming discord_krisp@1 to /home/qaezz/.config/discord/0.0.28/modules/pending/discord_krisp-1.zip: 26%
2023-08-26T01:11:26.470Z [Modules] Streaming discord_krisp@1 to /home/qaezz/.config/discord/0.0.28/modules/pending/discord_krisp-1.zip: 27%
2023-08-26T01:11:26.471Z [Modules] Streaming discord_krisp@1 to /home/qaezz/.config/discord/0.0.28/modules/pending/discord_krisp-1.zip: 28%
2023-08-26T01:11:26.472Z [Modules] Streaming discord_krisp@1 to /home/qaezz/.config/discord/0.0.28/modules/pending/discord_krisp-1.zip: 29%
2023-08-26T01:11:26.472Z [Modules] Streaming discord_krisp@1 to /home/qaezz/.config/discord/0.0.28/modules/pending/discord_krisp-1.zip: 30%
2023-08-26T01:11:26.473Z [Modules] Streaming discord_krisp@1 to /home/qaezz/.config/discord/0.0.28/modules/pending/discord_krisp-1.zip: 31%
2023-08-26T01:11:26.480Z [Modules] Streaming discord_krisp@1 to /home/qaezz/.config/discord/0.0.28/modules/pending/discord_krisp-1.zip: 32%
2023-08-26T01:11:26.496Z [Modules] Streaming discord_krisp@1 to /home/qaezz/.config/discord/0.0.28/modules/pending/discord_krisp-1.zip: 33%
2023-08-26T01:11:26.501Z [Modules] Streaming discord_krisp@1 to /home/qaezz/.config/discord/0.0.28/modules/pending/discord_krisp-1.zip: 34%
2023-08-26T01:11:26.519Z [Modules] Streaming discord_krisp@1 to /home/qaezz/.config/discord/0.0.28/modules/pending/discord_krisp-1.zip: 35%
2023-08-26T01:11:26.525Z [Modules] Streaming discord_krisp@1 to /home/qaezz/.config/discord/0.0.28/modules/pending/discord_krisp-1.zip: 36%
2023-08-26T01:11:26.529Z [Modules] Streaming discord_krisp@1 to /home/qaezz/.config/discord/0.0.28/modules/pending/discord_krisp-1.zip: 37%
2023-08-26T01:11:26.535Z [Modules] Streaming discord_krisp@1 to /home/qaezz/.config/discord/0.0.28/modules/pending/discord_krisp-1.zip: 38%
2023-08-26T01:11:26.539Z [Modules] Streaming discord_krisp@1 to /home/qaezz/.config/discord/0.0.28/modules/pending/discord_krisp-1.zip: 39%
2023-08-26T01:11:26.549Z [Modules] Streaming discord_krisp@1 to /home/qaezz/.config/discord/0.0.28/modules/pending/discord_krisp-1.zip: 40%
2023-08-26T01:11:26.550Z [Modules] Streaming discord_krisp@1 to /home/qaezz/.config/discord/0.0.28/modules/pending/discord_krisp-1.zip: 41%
2023-08-26T01:11:26.554Z [Modules] Streaming discord_krisp@1 to /home/qaezz/.config/discord/0.0.28/modules/pending/discord_krisp-1.zip: 42%
2023-08-26T01:11:26.559Z [Modules] Streaming discord_krisp@1 to /home/qaezz/.config/discord/0.0.28/modules/pending/discord_krisp-1.zip: 43%
2023-08-26T01:11:26.564Z [Modules] Streaming discord_krisp@1 to /home/qaezz/.config/discord/0.0.28/modules/pending/discord_krisp-1.zip: 44%
2023-08-26T01:11:26.574Z [Modules] Streaming discord_krisp@1 to /home/qaezz/.config/discord/0.0.28/modules/pending/discord_krisp-1.zip: 45%
2023-08-26T01:11:26.581Z [Modules] Streaming discord_krisp@1 to /home/qaezz/.config/discord/0.0.28/modules/pending/discord_krisp-1.zip: 46%
2023-08-26T01:11:26.587Z [Modules] Streaming discord_krisp@1 to /home/qaezz/.config/discord/0.0.28/modules/pending/discord_krisp-1.zip: 47%
2023-08-26T01:11:26.590Z [Modules] Streaming discord_krisp@1 to /home/qaezz/.config/discord/0.0.28/modules/pending/discord_krisp-1.zip: 48%
2023-08-26T01:11:26.595Z [Modules] Streaming discord_krisp@1 to /home/qaezz/.config/discord/0.0.28/modules/pending/discord_krisp-1.zip: 49%
2023-08-26T01:11:26.597Z [Modules] Streaming discord_krisp@1 to /home/qaezz/.config/discord/0.0.28/modules/pending/discord_krisp-1.zip: 50%
2023-08-26T01:11:26.601Z [Modules] Streaming discord_krisp@1 to /home/qaezz/.config/discord/0.0.28/modules/pending/discord_krisp-1.zip: 51%
2023-08-26T01:11:26.605Z [Modules] Streaming discord_krisp@1 to /home/qaezz/.config/discord/0.0.28/modules/pending/discord_krisp-1.zip: 52%
2023-08-26T01:11:26.610Z [Modules] Streaming discord_krisp@1 to /home/qaezz/.config/discord/0.0.28/modules/pending/discord_krisp-1.zip: 53%
2023-08-26T01:11:26.633Z [Modules] Streaming discord_krisp@1 to /home/qaezz/.config/discord/0.0.28/modules/pending/discord_krisp-1.zip: 54%
2023-08-26T01:11:26.647Z [Modules] Streaming discord_krisp@1 to /home/qaezz/.config/discord/0.0.28/modules/pending/discord_krisp-1.zip: 55%
2023-08-26T01:11:26.649Z [Modules] Streaming discord_krisp@1 to /home/qaezz/.config/discord/0.0.28/modules/pending/discord_krisp-1.zip: 56%
2023-08-26T01:11:26.650Z [Modules] Streaming discord_krisp@1 to /home/qaezz/.config/discord/0.0.28/modules/pending/discord_krisp-1.zip: 57%
2023-08-26T01:11:26.655Z [Modules] Streaming discord_krisp@1 to /home/qaezz/.config/discord/0.0.28/modules/pending/discord_krisp-1.zip: 58%
2023-08-26T01:11:26.657Z [Modules] Streaming discord_krisp@1 to /home/qaezz/.config/discord/0.0.28/modules/pending/discord_krisp-1.zip: 59%
2023-08-26T01:11:26.658Z [Modules] Streaming discord_krisp@1 to /home/qaezz/.config/discord/0.0.28/modules/pending/discord_krisp-1.zip: 60%
2023-08-26T01:11:26.658Z [Modules] Streaming discord_krisp@1 to /home/qaezz/.config/discord/0.0.28/modules/pending/discord_krisp-1.zip: 61%
2023-08-26T01:11:26.664Z [Modules] Streaming discord_krisp@1 to /home/qaezz/.config/discord/0.0.28/modules/pending/discord_krisp-1.zip: 62%
2023-08-26T01:11:26.670Z [Modules] Streaming discord_krisp@1 to /home/qaezz/.config/discord/0.0.28/modules/pending/discord_krisp-1.zip: 63%
2023-08-26T01:11:26.676Z [Modules] Streaming discord_krisp@1 to /home/qaezz/.config/discord/0.0.28/modules/pending/discord_krisp-1.zip: 64%
2023-08-26T01:11:26.677Z [Modules] Streaming discord_krisp@1 to /home/qaezz/.config/discord/0.0.28/modules/pending/discord_krisp-1.zip: 65%
2023-08-26T01:11:26.681Z [Modules] Streaming discord_krisp@1 to /home/qaezz/.config/discord/0.0.28/modules/pending/discord_krisp-1.zip: 66%
2023-08-26T01:11:26.686Z [Modules] Streaming discord_krisp@1 to /home/qaezz/.config/discord/0.0.28/modules/pending/discord_krisp-1.zip: 67%
2023-08-26T01:11:26.692Z [Modules] Streaming discord_krisp@1 to /home/qaezz/.config/discord/0.0.28/modules/pending/discord_krisp-1.zip: 68%
2023-08-26T01:11:26.694Z [Modules] Streaming discord_krisp@1 to /home/qaezz/.config/discord/0.0.28/modules/pending/discord_krisp-1.zip: 69%
2023-08-26T01:11:26.704Z [Modules] Streaming discord_krisp@1 to /home/qaezz/.config/discord/0.0.28/modules/pending/discord_krisp-1.zip: 70%
2023-08-26T01:11:26.707Z [Modules] Streaming discord_krisp@1 to /home/qaezz/.config/discord/0.0.28/modules/pending/discord_krisp-1.zip: 71%
2023-08-26T01:11:26.710Z [Modules] Streaming discord_krisp@1 to /home/qaezz/.config/discord/0.0.28/modules/pending/discord_krisp-1.zip: 72%
2023-08-26T01:11:26.715Z [Modules] Streaming discord_krisp@1 to /home/qaezz/.config/discord/0.0.28/modules/pending/discord_krisp-1.zip: 73%
2023-08-26T01:11:26.719Z [Modules] Streaming discord_krisp@1 to /home/qaezz/.config/discord/0.0.28/modules/pending/discord_krisp-1.zip: 74%
2023-08-26T01:11:26.724Z [Modules] Streaming discord_krisp@1 to /home/qaezz/.config/discord/0.0.28/modules/pending/discord_krisp-1.zip: 75%
2023-08-26T01:11:26.727Z [Modules] Streaming discord_krisp@1 to /home/qaezz/.config/discord/0.0.28/modules/pending/discord_krisp-1.zip: 76%
2023-08-26T01:11:26.733Z [Modules] Streaming discord_krisp@1 to /home/qaezz/.config/discord/0.0.28/modules/pending/discord_krisp-1.zip: 77%
2023-08-26T01:11:26.739Z [Modules] Streaming discord_krisp@1 to /home/qaezz/.config/discord/0.0.28/modules/pending/discord_krisp-1.zip: 78%
2023-08-26T01:11:26.743Z [Modules] Streaming discord_krisp@1 to /home/qaezz/.config/discord/0.0.28/modules/pending/discord_krisp-1.zip: 79%
2023-08-26T01:11:26.746Z [Modules] Streaming discord_krisp@1 to /home/qaezz/.config/discord/0.0.28/modules/pending/discord_krisp-1.zip: 80%
2023-08-26T01:11:26.751Z [Modules] Streaming discord_krisp@1 to /home/qaezz/.config/discord/0.0.28/modules/pending/discord_krisp-1.zip: 81%
2023-08-26T01:11:26.761Z [Modules] Streaming discord_krisp@1 to /home/qaezz/.config/discord/0.0.28/modules/pending/discord_krisp-1.zip: 83%
2023-08-26T01:11:26.764Z [Modules] Streaming discord_krisp@1 to /home/qaezz/.config/discord/0.0.28/modules/pending/discord_krisp-1.zip: 84%
2023-08-26T01:11:26.783Z [Modules] Streaming discord_krisp@1 to /home/qaezz/.config/discord/0.0.28/modules/pending/discord_krisp-1.zip: 85%
2023-08-26T01:11:26.786Z [Modules] Streaming discord_krisp@1 to /home/qaezz/.config/discord/0.0.28/modules/pending/discord_krisp-1.zip: 86%
2023-08-26T01:11:26.791Z [Modules] Streaming discord_krisp@1 to /home/qaezz/.config/discord/0.0.28/modules/pending/discord_krisp-1.zip: 87%
2023-08-26T01:11:26.795Z [Modules] Streaming discord_krisp@1 to /home/qaezz/.config/discord/0.0.28/modules/pending/discord_krisp-1.zip: 88%
2023-08-26T01:11:26.799Z [Modules] Streaming discord_krisp@1 to /home/qaezz/.config/discord/0.0.28/modules/pending/discord_krisp-1.zip: 89%
2023-08-26T01:11:26.803Z [Modules] Streaming discord_krisp@1 to /home/qaezz/.config/discord/0.0.28/modules/pending/discord_krisp-1.zip: 90%
2023-08-26T01:11:26.807Z [Modules] Streaming discord_krisp@1 to /home/qaezz/.config/discord/0.0.28/modules/pending/discord_krisp-1.zip: 91%
2023-08-26T01:11:26.810Z [Modules] Streaming discord_krisp@1 to /home/qaezz/.config/discord/0.0.28/modules/pending/discord_krisp-1.zip: 92%
2023-08-26T01:11:26.815Z [Modules] Streaming discord_krisp@1 to /home/qaezz/.config/discord/0.0.28/modules/pending/discord_krisp-1.zip: 93%
2023-08-26T01:11:26.821Z [Modules] Streaming discord_krisp@1 to /home/qaezz/.config/discord/0.0.28/modules/pending/discord_krisp-1.zip: 94%
2023-08-26T01:11:26.824Z [Modules] Streaming discord_krisp@1 to /home/qaezz/.config/discord/0.0.28/modules/pending/discord_krisp-1.zip: 95%
2023-08-26T01:11:26.829Z [Modules] Streaming discord_krisp@1 to /home/qaezz/.config/discord/0.0.28/modules/pending/discord_krisp-1.zip: 96%
2023-08-26T01:11:26.834Z [Modules] Streaming discord_krisp@1 to /home/qaezz/.config/discord/0.0.28/modules/pending/discord_krisp-1.zip: 97%
2023-08-26T01:11:26.839Z [Modules] Streaming discord_krisp@1 to /home/qaezz/.config/discord/0.0.28/modules/pending/discord_krisp-1.zip: 98%
2023-08-26T01:11:26.843Z [Modules] Streaming discord_krisp@1 to /home/qaezz/.config/discord/0.0.28/modules/pending/discord_krisp-1.zip: 99%
2023-08-26T01:11:26.845Z [Modules] Streaming discord_krisp@1 to /home/qaezz/.config/discord/0.0.28/modules/pending/discord_krisp-1.zip: 100%
2023-08-26T01:11:26.847Z [Modules] Fetching discord_game_utils@2 from https://discord.com/api/modules/stable/discord_game_utils/2
2023-08-26T01:11:26.848Z [Modules] Streaming discord_game_utils@2 to /home/qaezz/.config/discord/0.0.28/modules/pending/discord_game_utils-2.zip
2023-08-26T01:11:26.848Z [Modules] Installing discord_krisp@1 from /home/qaezz/.config/discord/0.0.28/modules/pending/discord_krisp-1.zip
2023-08-26T01:11:26.969Z [Modules] Streaming discord_game_utils@2 to /home/qaezz/.config/discord/0.0.28/modules/pending/discord_game_utils-2.zip: 4%
2023-08-26T01:11:26.970Z [Modules] Streaming discord_game_utils@2 to /home/qaezz/.config/discord/0.0.28/modules/pending/discord_game_utils-2.zip: 7%
2023-08-26T01:11:26.974Z [Modules] Streaming discord_game_utils@2 to /home/qaezz/.config/discord/0.0.28/modules/pending/discord_game_utils-2.zip: 10%
2023-08-26T01:11:26.974Z [Modules] Streaming discord_game_utils@2 to /home/qaezz/.config/discord/0.0.28/modules/pending/discord_game_utils-2.zip: 11%
2023-08-26T01:11:26.975Z [Modules] Streaming discord_game_utils@2 to /home/qaezz/.config/discord/0.0.28/modules/pending/discord_game_utils-2.zip: 13%
2023-08-26T01:11:26.975Z [Modules] Streaming discord_game_utils@2 to /home/qaezz/.config/discord/0.0.28/modules/pending/discord_game_utils-2.zip: 14%
2023-08-26T01:11:26.975Z [Modules] Streaming discord_game_utils@2 to /home/qaezz/.config/discord/0.0.28/modules/pending/discord_game_utils-2.zip: 15%
2023-08-26T01:11:26.975Z [Modules] Streaming discord_game_utils@2 to /home/qaezz/.config/discord/0.0.28/modules/pending/discord_game_utils-2.zip: 17%
2023-08-26T01:11:26.978Z [Modules] Streaming discord_game_utils@2 to /home/qaezz/.config/discord/0.0.28/modules/pending/discord_game_utils-2.zip: 19%
2023-08-26T01:11:26.979Z [Modules] Streaming discord_game_utils@2 to /home/qaezz/.config/discord/0.0.28/modules/pending/discord_game_utils-2.zip: 21%
2023-08-26T01:11:26.980Z [Modules] Streaming discord_game_utils@2 to /home/qaezz/.config/discord/0.0.28/modules/pending/discord_game_utils-2.zip: 23%
2023-08-26T01:11:26.980Z [Modules] Streaming discord_game_utils@2 to /home/qaezz/.config/discord/0.0.28/modules/pending/discord_game_utils-2.zip: 24%
2023-08-26T01:11:26.982Z [Modules] Streaming discord_game_utils@2 to /home/qaezz/.config/discord/0.0.28/modules/pending/discord_game_utils-2.zip: 26%
2023-08-26T01:11:26.983Z [Modules] Streaming discord_game_utils@2 to /home/qaezz/.config/discord/0.0.28/modules/pending/discord_game_utils-2.zip: 28%
2023-08-26T01:11:26.985Z [Modules] Streaming discord_game_utils@2 to /home/qaezz/.config/discord/0.0.28/modules/pending/discord_game_utils-2.zip: 30%
2023-08-26T01:11:26.986Z [Modules] Streaming discord_game_utils@2 to /home/qaezz/.config/discord/0.0.28/modules/pending/discord_game_utils-2.zip: 32%
2023-08-26T01:11:26.986Z [Modules] Streaming discord_game_utils@2 to /home/qaezz/.config/discord/0.0.28/modules/pending/discord_game_utils-2.zip: 33%
2023-08-26T01:11:26.987Z [Modules] Streaming discord_game_utils@2 to /home/qaezz/.config/discord/0.0.28/modules/pending/discord_game_utils-2.zip: 34%
2023-08-26T01:11:26.987Z [Modules] Streaming discord_game_utils@2 to /home/qaezz/.config/discord/0.0.28/modules/pending/discord_game_utils-2.zip: 36%
2023-08-26T01:11:26.988Z [Modules] Streaming discord_game_utils@2 to /home/qaezz/.config/discord/0.0.28/modules/pending/discord_game_utils-2.zip: 37%
2023-08-26T01:11:26.989Z [Modules] Streaming discord_game_utils@2 to /home/qaezz/.config/discord/0.0.28/modules/pending/discord_game_utils-2.zip: 40%
2023-08-26T01:11:26.989Z [Modules] Streaming discord_game_utils@2 to /home/qaezz/.config/discord/0.0.28/modules/pending/discord_game_utils-2.zip: 41%
2023-08-26T01:11:26.990Z [Modules] Streaming discord_game_utils@2 to /home/qaezz/.config/discord/0.0.28/modules/pending/discord_game_utils-2.zip: 44%
2023-08-26T01:11:26.991Z [Modules] Streaming discord_game_utils@2 to /home/qaezz/.config/discord/0.0.28/modules/pending/discord_game_utils-2.zip: 45%
2023-08-26T01:11:26.993Z [Modules] Streaming discord_game_utils@2 to /home/qaezz/.config/discord/0.0.28/modules/pending/discord_game_utils-2.zip: 48%
2023-08-26T01:11:26.993Z [Modules] Streaming discord_game_utils@2 to /home/qaezz/.config/discord/0.0.28/modules/pending/discord_game_utils-2.zip: 50%
2023-08-26T01:11:26.994Z [Modules] Streaming discord_game_utils@2 to /home/qaezz/.config/discord/0.0.28/modules/pending/discord_game_utils-2.zip: 52%
2023-08-26T01:11:26.995Z [Modules] Streaming discord_game_utils@2 to /home/qaezz/.config/discord/0.0.28/modules/pending/discord_game_utils-2.zip: 54%
2023-08-26T01:11:26.995Z [Modules] Streaming discord_game_utils@2 to /home/qaezz/.config/discord/0.0.28/modules/pending/discord_game_utils-2.zip: 56%
2023-08-26T01:11:26.998Z [Modules] Streaming discord_game_utils@2 to /home/qaezz/.config/discord/0.0.28/modules/pending/discord_game_utils-2.zip: 57%
2023-08-26T01:11:26.999Z [Modules] Streaming discord_game_utils@2 to /home/qaezz/.config/discord/0.0.28/modules/pending/discord_game_utils-2.zip: 60%
2023-08-26T01:11:26.999Z [Modules] Streaming discord_game_utils@2 to /home/qaezz/.config/discord/0.0.28/modules/pending/discord_game_utils-2.zip: 61%
2023-08-26T01:11:27.000Z [Modules] Streaming discord_game_utils@2 to /home/qaezz/.config/discord/0.0.28/modules/pending/discord_game_utils-2.zip: 63%
2023-08-26T01:11:27.001Z [Modules] Streaming discord_game_utils@2 to /home/qaezz/.config/discord/0.0.28/modules/pending/discord_game_utils-2.zip: 65%
2023-08-26T01:11:27.001Z [Modules] Streaming discord_game_utils@2 to /home/qaezz/.config/discord/0.0.28/modules/pending/discord_game_utils-2.zip: 66%
2023-08-26T01:11:27.001Z [Modules] Streaming discord_game_utils@2 to /home/qaezz/.config/discord/0.0.28/modules/pending/discord_game_utils-2.zip: 67%
2023-08-26T01:11:27.002Z [Modules] Streaming discord_game_utils@2 to /home/qaezz/.config/discord/0.0.28/modules/pending/discord_game_utils-2.zip: 69%
2023-08-26T01:11:27.002Z [Modules] Streaming discord_game_utils@2 to /home/qaezz/.config/discord/0.0.28/modules/pending/discord_game_utils-2.zip: 70%
2023-08-26T01:11:27.003Z [Modules] Streaming discord_game_utils@2 to /home/qaezz/.config/discord/0.0.28/modules/pending/discord_game_utils-2.zip: 71%
2023-08-26T01:11:27.004Z [Modules] Streaming discord_game_utils@2 to /home/qaezz/.config/discord/0.0.28/modules/pending/discord_game_utils-2.zip: 72%
2023-08-26T01:11:27.004Z [Modules] Streaming discord_game_utils@2 to /home/qaezz/.config/discord/0.0.28/modules/pending/discord_game_utils-2.zip: 75%
2023-08-26T01:11:27.006Z [Modules] Streaming discord_game_utils@2 to /home/qaezz/.config/discord/0.0.28/modules/pending/discord_game_utils-2.zip: 78%
2023-08-26T01:11:27.006Z [Modules] Streaming discord_game_utils@2 to /home/qaezz/.config/discord/0.0.28/modules/pending/discord_game_utils-2.zip: 79%
2023-08-26T01:11:27.007Z [Modules] Streaming discord_game_utils@2 to /home/qaezz/.config/discord/0.0.28/modules/pending/discord_game_utils-2.zip: 80%
2023-08-26T01:11:27.008Z [Modules] Streaming discord_game_utils@2 to /home/qaezz/.config/discord/0.0.28/modules/pending/discord_game_utils-2.zip: 82%
2023-08-26T01:11:27.008Z [Modules] Streaming discord_game_utils@2 to /home/qaezz/.config/discord/0.0.28/modules/pending/discord_game_utils-2.zip: 84%
2023-08-26T01:11:27.008Z [Modules] Streaming discord_game_utils@2 to /home/qaezz/.config/discord/0.0.28/modules/pending/discord_game_utils-2.zip: 86%
2023-08-26T01:11:27.010Z [Modules] Streaming discord_game_utils@2 to /home/qaezz/.config/discord/0.0.28/modules/pending/discord_game_utils-2.zip: 88%
2023-08-26T01:11:27.010Z [Modules] Streaming discord_game_utils@2 to /home/qaezz/.config/discord/0.0.28/modules/pending/discord_game_utils-2.zip: 89%
2023-08-26T01:11:27.018Z [Modules] Streaming discord_game_utils@2 to /home/qaezz/.config/discord/0.0.28/modules/pending/discord_game_utils-2.zip: 90%
2023-08-26T01:11:27.018Z [Modules] Streaming discord_game_utils@2 to /home/qaezz/.config/discord/0.0.28/modules/pending/discord_game_utils-2.zip: 93%
2023-08-26T01:11:27.020Z [Modules] Streaming discord_game_utils@2 to /home/qaezz/.config/discord/0.0.28/modules/pending/discord_game_utils-2.zip: 96%
2023-08-26T01:11:27.020Z [Modules] Streaming discord_game_utils@2 to /home/qaezz/.config/discord/0.0.28/modules/pending/discord_game_utils-2.zip: 99%
2023-08-26T01:11:27.021Z [Modules] Streaming discord_game_utils@2 to /home/qaezz/.config/discord/0.0.28/modules/pending/discord_game_utils-2.zip: 100%
2023-08-26T01:11:27.022Z [Modules] Finished module downloads. [success: 2] [failure: 0]
2023-08-26T01:11:27.104Z [Modules] Checking for host updates.
2023-08-26T01:11:27.187Z [Modules] Host is up to date.
2023-08-26T01:11:27.188Z [Modules] Checking for module updates at https://discord.com/api/modules/stable/versions.json
2023-08-26T01:11:27.195Z [Modules] No module updates available.
2023-08-26T01:11:27.417Z [Modules] Installing discord_game_utils@2 from /home/qaezz/.config/discord/0.0.28/modules/pending/discord_game_utils-2.zip
2023-08-26T01:11:27.467Z [Modules] Starting to install discord_rpc...
2023-08-26T01:11:27.468Z [Modules] Fetching discord_rpc@1 from https://discord.com/api/modules/stable/discord_rpc/1
2023-08-26T01:11:27.468Z [Modules] Streaming discord_rpc@1 to /home/qaezz/.config/discord/0.0.28/modules/pending/discord_rpc-1.zip
2023-08-26T01:11:27.500Z [Modules] Finished module installations. [success: 2] [failure: 0]
2023-08-26T01:11:27.573Z [Modules] Streaming discord_rpc@1 to /home/qaezz/.config/discord/0.0.28/modules/pending/discord_rpc-1.zip: 100%
2023-08-26T01:11:27.573Z [Modules] Finished module downloads. [success: 1] [failure: 0]
2023-08-26T01:11:27.574Z [Modules] Installing discord_rpc@1 from /home/qaezz/.config/discord/0.0.28/modules/pending/discord_rpc-1.zip
2023-08-26T01:11:27.613Z [Modules] Finished module installations. [success: 1] [failure: 0]
2023-08-26T01:28:28.819Z [Modules] Modules initializing
2023-08-26T01:28:28.819Z [Modules] Distribution: remote
2023-08-26T01:28:28.819Z [Modules] Host updates: enabled
2023-08-26T01:28:28.820Z [Modules] Module updates: enabled
2023-08-26T01:28:28.820Z [Modules] Module install path: /home/qaezz/.config/discord/0.0.28/modules
2023-08-26T01:28:28.820Z [Modules] Module installed file path: /home/qaezz/.config/discord/0.0.28/modules/installed.json
2023-08-26T01:28:28.820Z [Modules] Module download path: /home/qaezz/.config/discord/0.0.28/modules/pending
2023-08-26T01:28:28.980Z [Modules] No updates to install
2023-08-26T01:28:28.981Z [Modules] Checking for host updates.
2023-08-26T01:28:29.155Z [Modules] Host is up to date.
2023-08-26T01:28:29.155Z [Modules] Checking for module updates at https://discord.com/api/modules/stable/versions.json
2023-08-26T01:28:29.198Z [Modules] No module updates available.
2023-08-26T01:28:33.230Z [Modules] Checking for host updates.
2023-08-26T01:28:33.305Z [Modules] Host is up to date.
2023-08-26T01:28:33.305Z [Modules] Checking for module updates at https://discord.com/api/modules/stable/versions.json
2023-08-26T01:28:33.309Z [Modules] No module updates available.
2023-08-26T02:28:33.232Z [Modules] Checking for host updates.
2023-08-26T02:28:33.318Z [Modules] Host is up to date.
2023-08-26T02:28:33.319Z [Modules] Checking for module updates at https://discord.com/api/modules/stable/versions.json
2023-08-26T02:28:33.352Z [Modules] No module updates available.
2023-08-26T03:26:57.096Z [Modules] Modules initializing
2023-08-26T03:26:57.096Z [Modules] Distribution: remote
2023-08-26T03:26:57.096Z [Modules] Host updates: enabled
2023-08-26T03:26:57.096Z [Modules] Module updates: enabled
2023-08-26T03:26:57.096Z [Modules] Module install path: /home/qaezz/.config/discord/0.0.28/modules
2023-08-26T03:26:57.096Z [Modules] Module installed file path: /home/qaezz/.config/discord/0.0.28/modules/installed.json
2023-08-26T03:26:57.096Z [Modules] Module download path: /home/qaezz/.config/discord/0.0.28/modules/pending
2023-08-26T03:26:57.244Z [Modules] No updates to install
2023-08-26T03:26:57.244Z [Modules] Checking for host updates.
2023-08-26T03:26:57.461Z [Modules] Host is up to date.
2023-08-26T03:26:57.462Z [Modules] Checking for module updates at https://discord.com/api/modules/stable/versions.json
2023-08-26T03:26:57.527Z [Modules] No module updates available.
2023-08-26T03:26:59.734Z [Modules] Checking for host updates.
2023-08-26T03:26:59.806Z [Modules] Host is up to date.
2023-08-26T03:26:59.806Z [Modules] Checking for module updates at https://discord.com/api/modules/stable/versions.json
2023-08-26T03:26:59.810Z [Modules] No module updates available.
2023-08-26T04:26:59.735Z [Modules] Checking for host updates.
2023-08-26T04:26:59.831Z [Modules] Host is up to date.
2023-08-26T04:26:59.831Z [Modules] Checking for module updates at https://discord.com/api/modules/stable/versions.json
2023-08-26T04:26:59.865Z [Modules] No module updates available.
2023-08-26T04:47:55.740Z [Modules] Modules initializing
2023-08-26T04:47:55.740Z [Modules] Distribution: remote
2023-08-26T04:47:55.740Z [Modules] Host updates: enabled
2023-08-26T04:47:55.741Z [Modules] Module updates: enabled
2023-08-26T04:47:55.741Z [Modules] Module install path: /home/qaezz/.config/discord/0.0.28/modules
2023-08-26T04:47:55.741Z [Modules] Module installed file path: /home/qaezz/.config/discord/0.0.28/modules/installed.json
2023-08-26T04:47:55.741Z [Modules] Module download path: /home/qaezz/.config/discord/0.0.28/modules/pending
2023-08-26T04:47:55.909Z [Modules] No updates to install
2023-08-26T04:47:55.910Z [Modules] Checking for host updates.
2023-08-26T04:47:56.089Z [Modules] Host is up to date.
2023-08-26T04:47:56.090Z [Modules] Checking for module updates at https://discord.com/api/modules/stable/versions.json
2023-08-26T04:47:56.126Z [Modules] No module updates available.
2023-08-26T04:47:58.714Z [Modules] Checking for host updates.
2023-08-26T04:47:58.790Z [Modules] Host is up to date.
2023-08-26T04:47:58.791Z [Modules] Checking for module updates at https://discord.com/api/modules/stable/versions.json
2023-08-26T04:47:58.795Z [Modules] No module updates available.
2023-08-26T05:47:58.716Z [Modules] Checking for host updates.
2023-08-26T05:47:58.812Z [Modules] Host is up to date.
2023-08-26T05:47:58.812Z [Modules] Checking for module updates at https://discord.com/api/modules/stable/versions.json
2023-08-26T05:47:58.840Z [Modules] No module updates available.
2023-08-26T15:59:22.213Z [Modules] Modules initializing
2023-08-26T15:59:22.216Z [Modules] Distribution: remote
2023-08-26T15:59:22.216Z [Modules] Host updates: enabled
2023-08-26T15:59:22.216Z [Modules] Module updates: enabled
2023-08-26T15:59:22.217Z [Modules] Module install path: /home/qaezz/.config/discord/0.0.28/modules
2023-08-26T15:59:22.217Z [Modules] Module installed file path: /home/qaezz/.config/discord/0.0.28/modules/installed.json
2023-08-26T15:59:22.217Z [Modules] Module download path: /home/qaezz/.config/discord/0.0.28/modules/pending
2023-08-26T15:59:22.473Z [Modules] No updates to install
2023-08-26T15:59:22.474Z [Modules] Checking for host updates.
2023-08-26T15:59:22.683Z [Modules] Host is up to date.
2023-08-26T15:59:22.683Z [Modules] Checking for module updates at https://discord.com/api/modules/stable/versions.json
2023-08-26T15:59:22.722Z [Modules] No module updates available.
2023-08-26T15:59:25.282Z [Modules] Checking for host updates.
2023-08-26T15:59:25.370Z [Modules] Host is up to date.
2023-08-26T15:59:25.370Z [Modules] Checking for module updates at https://discord.com/api/modules/stable/versions.json
2023-08-26T15:59:25.375Z [Modules] No module updates available.
2023-08-26T16:59:25.284Z [Modules] Checking for host updates.
2023-08-26T16:59:25.425Z [Modules] Host is up to date.
2023-08-26T16:59:25.426Z [Modules] Checking for module updates at https://discord.com/api/modules/stable/versions.json
2023-08-26T16:59:25.466Z [Modules] No module updates available.
