2023-08-26 11:11:55.120 [info] Name: Black Formatter
2023-08-26 11:11:55.120 [info] Module: black
2023-08-26 11:11:55.120 [info] Python extension loading
2023-08-26 11:11:55.121 [info] Waiting for interpreter from python extension.
2023-08-26 11:11:55.121 [info] No interpreter found from setting black-formatter.interpreter
2023-08-26 11:11:55.121 [info] Getting interpreter from ms-python.python extension for workspace /home/qaezz
2023-08-26 11:11:55.121 [info] Python extension loaded
2023-08-26 11:11:55.121 [info] Interpreter from ms-python.python extension for /home/qaezz: /bin/python
2023-08-26 11:11:55.121 [info] Server run command: /bin/python /home/qaezz/.vscode/extensions/ms-python.black-formatter-2023.4.1/bundled/tool/lsp_server.py
2023-08-26 11:11:55.121 [info] Server: Start requested.
2023-08-26 11:11:55.586 [info] CWD Server: /home/qaezz
2023-08-26 11:11:55.586 [info] Settings used to run Server:
[]

2023-08-26 11:11:55.586 [info] Global settings:
{
    "cwd": "/home/qaezz",
    "workspace": "/home/qaezz",
    "args": [],
    "path": [],
    "interpreter": [],
    "importStrategy": "useBundled",
    "showNotifications": "off"
}

2023-08-26 11:11:55.586 [info] sys.path used to run Server:
   /home/qaezz/.vscode/extensions/ms-python.black-formatter-2023.4.1/bundled/libs
   /home/qaezz/.vscode/extensions/ms-python.black-formatter-2023.4.1/bundled/tool
   /usr/lib/python311.zip
   /usr/lib/python3.11
   /usr/lib/python3.11/lib-dynload
   /home/qaezz/.local/lib/python3.11/site-packages
   /usr/lib/python3.11/site-packages
2023-08-26 11:11:55.588 [info] /bin/python -m black --version
2023-08-26 11:11:55.588 [info] CWD formatter: /home/qaezz
2023-08-26 11:11:55.646 [info] Version info for formatter running for /home/qaezz:
black, 23.3.0 (compiled: no)
Python (CPython) 3.11.3

2023-08-26 11:11:55.647 [info] SUPPORTED black>=22.3.0
FOUND black==23.3.0

