2023-08-26 11:07:22.458 [info] [Info  - 11:07:22 AM] (2990) Pylance language server 2023.8.40 (pyright 03f79a81) starting
2023-08-26 11:07:22.458 [info] [Info  - 11:07:22 AM] (2990) Server root directory: /home/qaezz/.vscode/extensions/ms-python.vscode-pylance-2023.8.40/dist
2023-08-26 11:07:22.480 [info] [Info  - 11:07:22 AM] (2990) Starting service instance "<default>"
2023-08-26 11:07:22.503 [info] [Info  - 11:07:22 AM] (2990) Setting pythonPath for service "<default>": "/bin/python"
2023-08-26 11:07:22.504 [info] [Warn  - 11:07:22 AM] (2990) stubPath typings is not a valid directory.
2023-08-26 11:07:22.539 [info] [Info  - 11:07:22 AM] (2990) Assuming Python version 3.11
2023-08-26 11:07:22.650 [info] [Info  - 11:07:22 AM] (2990) No source files found.
2023-08-26 11:07:22.735 [info] [Info  - 11:07:22 AM] (2990) Setting pythonPath for service "<default>": "/bin/python"
2023-08-26 11:07:22.735 [info] [Warn  - 11:07:22 AM] (2990) stubPath typings is not a valid directory.
2023-08-26 11:07:22.768 [info] [Info  - 11:07:22 AM] (2990) Assuming Python version 3.11
2023-08-26 11:07:22.818 [info] [Info  - 11:07:22 AM] (2990) No source files found.
2023-08-26 11:10:04.688 [info] [Info  - 11:10:04 AM] (3901) Pylance language server 2023.8.40 (pyright 03f79a81) starting
2023-08-26 11:10:04.688 [info] [Info  - 11:10:04 AM] (3901) Server root directory: /home/qaezz/.vscode/extensions/ms-python.vscode-pylance-2023.8.40/dist
2023-08-26 11:10:04.706 [info] [Info  - 11:10:04 AM] (3901) Starting service instance "<default>"
2023-08-26 11:10:04.746 [info] [Info  - 11:10:04 AM] (3901) Setting pythonPath for service "<default>": "/bin/python"
2023-08-26 11:10:04.748 [info] [Warn  - 11:10:04 AM] (3901) stubPath typings is not a valid directory.
2023-08-26 11:10:04.771 [info] [Info  - 11:10:04 AM] (3901) Assuming Python version 3.11
2023-08-26 11:10:04.858 [info] [Info  - 11:10:04 AM] (3901) No source files found.
2023-08-26 11:10:04.948 [info] [Info  - 11:10:04 AM] (3901) Setting pythonPath for service "<default>": "/bin/python"
2023-08-26 11:10:04.948 [info] [Warn  - 11:10:04 AM] (3901) stubPath typings is not a valid directory.
2023-08-26 11:10:04.990 [info] [Info  - 11:10:04 AM] (3901) Assuming Python version 3.11
2023-08-26 11:10:05.054 [info] [Info  - 11:10:05 AM] (3901) No source files found.
2023-08-26 11:10:15.935 [info] [Info  - 11:10:15 AM] (3977) Pylance language server 2023.8.40 (pyright 03f79a81) starting
2023-08-26 11:10:15.935 [info] [Info  - 11:10:15 AM] (3977) Server root directory: /home/qaezz/.vscode/extensions/ms-python.vscode-pylance-2023.8.40/dist
2023-08-26 11:10:15.952 [info] [Info  - 11:10:15 AM] (3977) Starting service instance "<default>"
2023-08-26 11:10:15.980 [info] [Info  - 11:10:15 AM] (3977) Setting pythonPath for service "<default>": "/bin/python"
2023-08-26 11:10:15.980 [info] [Warn  - 11:10:15 AM] (3977) stubPath typings is not a valid directory.
2023-08-26 11:10:16.001 [info] [Info  - 11:10:16 AM] (3977) Assuming Python version 3.11
2023-08-26 11:10:16.061 [info] [Info  - 11:10:16 AM] (3977) No source files found.
2023-08-26 11:10:16.160 [info] [Info  - 11:10:16 AM] (3977) Setting pythonPath for service "<default>": "/bin/python"
2023-08-26 11:10:16.160 [info] [Warn  - 11:10:16 AM] (3977) stubPath typings is not a valid directory.
2023-08-26 11:10:16.189 [info] [Info  - 11:10:16 AM] (3977) Assuming Python version 3.11
2023-08-26 11:10:16.249 [info] [Info  - 11:10:16 AM] (3977) No source files found.
