2023-08-25 22:12:23.832 [info] Log level: Info
2023-08-25 22:12:23.832 [info] Validating found git in: "git"
2023-08-25 22:12:23.832 [info] Using git "2.42.0" from "git"
2023-08-25 22:12:23.832 [info] > git rev-parse --show-toplevel [4ms]
2023-08-25 22:12:23.832 [info] fatal: not a git repository (or any of the parent directories): .git
2023-08-25 22:12:23.832 [info] > git rev-parse --show-toplevel [3ms]
2023-08-25 22:12:23.832 [info] fatal: not a git repository (or any of the parent directories): .git
2023-08-25 22:12:23.846 [info] > git rev-parse --show-toplevel [9ms]
2023-08-25 22:12:23.846 [info] fatal: not a git repository (or any of the parent directories): .git
2023-08-25 22:12:23.867 [info] > git rev-parse --show-toplevel [2ms]
2023-08-25 22:12:23.867 [info] fatal: not a git repository (or any of the parent directories): .git
2023-08-25 22:12:23.881 [info] > git rev-parse --show-toplevel [2ms]
2023-08-25 22:12:23.881 [info] fatal: not a git repository (or any of the parent directories): .git
2023-08-25 22:12:23.924 [info] > git rev-parse --show-toplevel [1ms]
2023-08-25 22:12:23.924 [info] fatal: not a git repository (or any of the parent directories): .git
2023-08-25 22:12:24.004 [info] > git rev-parse --show-toplevel [1ms]
2023-08-25 22:12:24.004 [info] fatal: not a git repository (or any of the parent directories): .git
2023-08-25 22:12:24.221 [info] > git rev-parse --show-toplevel [2ms]
2023-08-25 22:12:24.221 [info] fatal: not a git repository (or any of the parent directories): .git
2023-08-25 22:12:42.037 [info] > git rev-parse --show-toplevel [1ms]
2023-08-25 22:12:42.037 [info] fatal: not a git repository (or any of the parent directories): .git
2023-08-25 22:12:42.080 [info] > git rev-parse --show-toplevel [4ms]
2023-08-25 22:12:42.080 [info] fatal: not a git repository (or any of the parent directories): .git
2023-08-25 22:12:43.704 [info] > git rev-parse --show-toplevel [1ms]
2023-08-25 22:12:43.704 [info] fatal: not a git repository (or any of the parent directories): .git
